{"contracts/bentobox/BentoBoxV1.sol":{"l":{"144":0,"145":0,"160":36,"161":36,"172":36,"176":0,"180":0,"184":108,"185":108,"189":0,"190":0,"194":0,"195":0,"202":108,"206":0,"213":0,"217":0,"224":0,"228":0,"251":36,"252":36,"254":0,"255":0,"256":0,"267":0,"268":0,"270":0,"271":0,"272":0,"285":0,"286":0,"287":0,"288":0,"299":0,"300":0,"301":0,"302":0,"311":0,"312":0,"313":0,"322":0,"323":0,"324":0,"330":0,"336":0,"356":18,"357":18,"370":0,"372":0,"375":0,"376":0,"377":0,"380":0,"386":0,"389":0,"392":0,"393":0,"394":0,"399":6,"400":6,"436":0,"437":0,"439":0,"441":0,"444":0,"452":0,"460":0,"462":0,"464":0,"495":18,"496":18,"499":18,"503":18,"508":0,"509":0,"512":0,"517":0,"518":0,"524":6,"527":6,"528":6,"550":6,"553":6,"554":6,"555":6,"556":6,"561":0,"569":0,"588":0,"589":0,"593":6,"594":6,"606":0,"608":0,"612":0,"625":0,"626":0,"627":0,"628":0,"629":0,"630":0,"631":0,"651":0,"732":18,"746":36,"748":0,"749":0,"750":0,"752":36,"762":0,"779":0,"792":0,"811":36,"814":36,"815":36,"818":36,"819":36,"821":36,"823":36,"824":0,"828":0,"834":36,"839":36,"840":36,"841":36,"842":36,"846":36,"849":0,"853":36,"855":36,"856":36,"857":36,"874":0,"877":0,"878":0,"879":0,"881":0,"884":0,"887":0,"888":0,"889":0,"891":0,"892":0,"895":0,"897":0,"899":0,"900":0,"904":0,"906":0,"907":0,"908":0,"926":0,"929":0,"930":0,"932":0,"949":0,"952":0,"953":0,"954":0,"955":0,"956":0,"957":0,"958":0,"960":0,"980":0,"981":0,"983":0,"985":0,"986":0,"1006":0,"1008":0,"1009":0,"1010":0,"1011":0,"1013":0,"1016":0,"1018":0,"1019":0,"1020":0,"1021":0,"1031":0,"1034":0,"1035":0,"1049":0,"1050":0,"1051":0,"1052":0,"1055":0,"1056":0,"1058":0,"1059":0,"1060":0,"1062":0,"1063":0,"1064":0,"1065":0,"1067":0,"1068":0,"1069":0,"1072":0,"1074":0,"1075":0,"1076":0,"1077":0,"1078":0,"1080":0,"1097":0,"1098":0,"1099":0,"1100":0,"1101":0,"1104":0,"1106":0,"1107":0,"1108":0,"1109":0,"1110":0,"1115":0,"1116":0,"1117":0,"1118":0,"1119":0,"1122":0,"1123":0,"1125":0,"1126":0,"1127":0,"1128":0,"1130":0,"1131":0,"1132":0,"1133":0,"1135":0,"1136":0,"1137":0,"1140":0,"1142":0,"1143":0,"1147":0},"path":"/home/dmitriy/projects/avem-swap/contracts/bentobox/BentoBoxV1.sol","s":{"1":0,"2":0,"3":36,"4":36,"5":36,"6":0,"7":0,"8":108,"9":108,"10":0,"11":0,"12":0,"13":0,"14":108,"15":0,"16":0,"17":0,"18":0,"19":0,"20":36,"21":36,"22":0,"23":0,"24":0,"25":0,"26":0,"27":0,"28":0,"29":0,"30":0,"31":0,"32":0,"33":0,"34":0,"35":0,"36":0,"37":0,"38":0,"39":0,"40":0,"41":0,"42":0,"43":0,"44":0,"45":0,"46":18,"47":18,"48":0,"49":0,"50":0,"51":0,"52":0,"53":0,"54":0,"55":0,"56":0,"57":0,"58":0,"59":6,"60":0,"61":0,"62":0,"63":0,"64":0,"65":0,"66":0,"67":18,"68":18,"69":18,"70":0,"71":0,"72":0,"73":0,"74":6,"75":6,"76":6,"77":6,"78":6,"79":6,"80":6,"81":6,"82":0,"83":0,"84":0,"85":0,"86":6,"87":6,"88":0,"89":0,"90":0,"91":0,"92":0,"93":0,"94":0,"95":0,"96":0,"97":0,"98":0,"99":18,"100":36,"101":0,"102":0,"103":0,"104":0,"105":0,"106":0,"107":36,"108":36,"109":36,"110":36,"111":36,"112":36,"113":36,"114":0,"115":0,"116":36,"117":36,"118":36,"119":36,"120":36,"121":36,"122":0,"123":36,"124":36,"125":36,"126":36,"127":36,"128":0,"129":0,"130":0,"131":0,"132":0,"133":0,"134":0,"135":0,"136":0,"137":0,"138":0,"139":0,"140":0,"141":0,"142":0,"143":0,"144":0,"145":0,"146":0,"147":0,"148":0,"149":0,"150":0,"151":0,"152":0,"153":0,"154":0,"155":0,"156":0,"157":0,"158":0,"159":0,"160":0,"161":0,"162":0,"163":0,"164":0,"165":0,"166":0,"167":0,"168":0,"169":0,"170":0,"171":0,"172":0,"173":0,"174":0,"175":0,"176":0,"177":0,"178":0,"179":0,"180":0,"181":0,"182":0,"183":0,"184":0,"185":0,"186":0,"187":0,"188":0,"189":0,"190":0,"191":0,"192":0,"193":0,"194":0,"195":0,"196":0,"197":0,"198":0,"199":0,"200":0,"201":0,"202":0,"203":0,"204":0,"205":0,"206":0,"207":0,"208":0,"209":0,"210":0,"211":0,"212":0,"213":0,"214":0,"215":0,"216":0,"217":0,"218":0,"219":0,"220":0,"221":0,"222":0,"223":0,"224":0,"225":0,"226":0,"227":0,"228":0,"229":0,"230":0,"231":0,"232":0,"233":0,"234":0,"235":0,"236":0,"237":0},"b":{"1":[0,0],"2":[36,0],"3":[36,0],"4":[0,0],"5":[0,0],"6":[108,0],"7":[0,0],"8":[0,0],"9":[108,0],"10":[0,0],"11":[0,0],"12":[0,0],"13":[0,0],"14":[0,0],"15":[36,0],"16":[0,0],"17":[0,0],"18":[0,0],"19":[0,0],"20":[0,0],"21":[0,0],"22":[6,0],"23":[0,0],"24":[0,0],"25":[6,0],"26":[6,0],"27":[6,0],"28":[6,0],"29":[6,0],"30":[6,0],"31":[0,0],"32":[0,0],"33":[0,0],"34":[0,0],"35":[0,36],"36":[0,0],"37":[0,0],"38":[36,0],"39":[36,0],"40":[36,0],"41":[0,36],"42":[36,0],"43":[0,36],"44":[36,0],"45":[0,0],"46":[0,0],"47":[0,0],"48":[0,0],"49":[0,0],"50":[0,0],"51":[0,0],"52":[0,0],"53":[0,0],"54":[0,0],"55":[0,0],"56":[0,0],"57":[0,0],"58":[0,0],"59":[0,0],"60":[0,0],"61":[0,0],"62":[0,0],"63":[0,0],"64":[0,0],"65":[0,0],"66":[0,0],"67":[0,0]},"f":{"1":0,"2":36,"3":36,"4":0,"5":0,"6":108,"7":0,"8":0,"9":108,"10":0,"11":0,"12":0,"13":0,"14":0,"15":36,"16":0,"17":0,"18":0,"19":0,"20":0,"21":0,"22":0,"23":18,"24":0,"25":0,"26":6,"27":0,"28":18,"29":18,"30":0,"31":0,"32":6,"33":6,"34":0,"35":0,"36":0,"37":18,"38":36,"39":0,"40":0,"41":0,"42":36,"43":0,"44":0,"45":0,"46":0,"47":0,"48":0,"49":0,"50":0},"fnMap":{"1":{"name":"safeTransfer","line":139,"loc":{"start":{"line":139,"column":4},"end":{"line":146,"column":4}}},"2":{"name":"safeTransferFrom","line":154,"loc":{"start":{"line":154,"column":4},"end":{"line":162,"column":4}}},"3":{"name":"add","line":171,"loc":{"start":{"line":171,"column":4},"end":{"line":173,"column":4}}},"4":{"name":"sub","line":175,"loc":{"start":{"line":175,"column":4},"end":{"line":177,"column":4}}},"5":{"name":"mul","line":179,"loc":{"start":{"line":179,"column":4},"end":{"line":181,"column":4}}},"6":{"name":"to128","line":183,"loc":{"start":{"line":183,"column":4},"end":{"line":186,"column":4}}},"7":{"name":"to64","line":188,"loc":{"start":{"line":188,"column":4},"end":{"line":191,"column":4}}},"8":{"name":"to32","line":193,"loc":{"start":{"line":193,"column":4},"end":{"line":196,"column":4}}},"9":{"name":"add","line":201,"loc":{"start":{"line":201,"column":4},"end":{"line":203,"column":4}}},"10":{"name":"sub","line":205,"loc":{"start":{"line":205,"column":4},"end":{"line":207,"column":4}}},"11":{"name":"add","line":212,"loc":{"start":{"line":212,"column":4},"end":{"line":214,"column":4}}},"12":{"name":"sub","line":216,"loc":{"start":{"line":216,"column":4},"end":{"line":218,"column":4}}},"13":{"name":"add","line":223,"loc":{"start":{"line":223,"column":4},"end":{"line":225,"column":4}}},"14":{"name":"sub","line":227,"loc":{"start":{"line":227,"column":4},"end":{"line":229,"column":4}}},"15":{"name":"toBase","line":246,"loc":{"start":{"line":246,"column":4},"end":{"line":259,"column":4}}},"16":{"name":"toElastic","line":262,"loc":{"start":{"line":262,"column":4},"end":{"line":275,"column":4}}},"17":{"name":"add","line":280,"loc":{"start":{"line":280,"column":4},"end":{"line":289,"column":4}}},"18":{"name":"sub","line":294,"loc":{"start":{"line":294,"column":4},"end":{"line":303,"column":4}}},"19":{"name":"add","line":306,"loc":{"start":{"line":306,"column":4},"end":{"line":314,"column":4}}},"20":{"name":"sub","line":317,"loc":{"start":{"line":317,"column":4},"end":{"line":325,"column":4}}},"21":{"name":"addElastic","line":329,"loc":{"start":{"line":329,"column":4},"end":{"line":331,"column":4}}},"22":{"name":"subElastic","line":335,"loc":{"start":{"line":335,"column":4},"end":{"line":337,"column":4}}},"23":{"name":"constructor","line":355,"loc":{"start":{"line":355,"column":4},"end":{"line":358,"column":4}}},"24":{"name":"transferOwnership","line":369,"loc":{"start":{"line":365,"column":4},"end":{"line":382,"column":4}}},"25":{"name":"claimOwnership","line":385,"loc":{"start":{"line":385,"column":4},"end":{"line":395,"column":4}}},"26":{"name":"onlyOwner","line":398,"loc":{"start":{"line":398,"column":4},"end":{"line":401,"column":4}}},"27":{"name":"deploy","line":431,"loc":{"start":{"line":431,"column":4},"end":{"line":465,"column":4}}},"28":{"name":"constructor","line":494,"loc":{"start":{"line":494,"column":4},"end":{"line":500,"column":4}}},"29":{"name":"_calculateDomainSeparator","line":502,"loc":{"start":{"line":502,"column":4},"end":{"line":504,"column":4}}},"30":{"name":"DOMAIN_SEPARATOR","line":507,"loc":{"start":{"line":507,"column":4},"end":{"line":513,"column":4}}},"31":{"name":"registerProtocol","line":516,"loc":{"start":{"line":516,"column":4},"end":{"line":519,"column":4}}},"32":{"name":"whitelistMasterContract","line":522,"loc":{"start":{"line":522,"column":4},"end":{"line":529,"column":4}}},"33":{"name":"setMasterContractApproval","line":541,"loc":{"start":{"line":541,"column":4},"end":{"line":595,"column":4}}},"34":{"name":"_getRevertMsg","line":604,"loc":{"start":{"line":604,"column":4},"end":{"line":613,"column":4}}},"35":{"name":"batch","line":624,"loc":{"start":{"line":624,"column":4},"end":{"line":633,"column":4}}},"36":{"name":"permitToken","line":641,"loc":{"start":{"line":641,"column":4},"end":{"line":652,"column":4}}},"37":{"name":"constructor","line":731,"loc":{"start":{"line":731,"column":4},"end":{"line":733,"column":4}}},"38":{"name":"allowed","line":745,"loc":{"start":{"line":745,"column":4},"end":{"line":753,"column":4}}},"39":{"name":"_tokenBalanceOf","line":761,"loc":{"start":{"line":761,"column":4},"end":{"line":763,"column":4}}},"40":{"name":"toShare","line":774,"loc":{"start":{"line":774,"column":4},"end":{"line":780,"column":4}}},"41":{"name":"toAmount","line":787,"loc":{"start":{"line":787,"column":4},"end":{"line":793,"column":4}}},"42":{"name":"deposit","line":809,"loc":{"start":{"line":803,"column":4},"end":{"line":858,"column":4}}},"43":{"name":"withdraw","line":872,"loc":{"start":{"line":866,"column":4},"end":{"line":909,"column":4}}},"44":{"name":"transfer","line":924,"loc":{"start":{"line":919,"column":4},"end":{"line":933,"column":4}}},"45":{"name":"transferMultiple","line":947,"loc":{"start":{"line":942,"column":4},"end":{"line":961,"column":4}}},"46":{"name":"flashLoan","line":973,"loc":{"start":{"line":973,"column":4},"end":{"line":987,"column":4}}},"47":{"name":"batchFlashLoan","line":999,"loc":{"start":{"line":999,"column":4},"end":{"line":1023,"column":4}}},"48":{"name":"setStrategyTargetPercentage","line":1029,"loc":{"start":{"line":1029,"column":4},"end":{"line":1036,"column":4}}},"49":{"name":"setStrategy","line":1048,"loc":{"start":{"line":1048,"column":4},"end":{"line":1081,"column":4}}},"50":{"name":"harvest","line":1092,"loc":{"start":{"line":1092,"column":4},"end":{"line":1148,"column":4}}}},"statementMap":{"1":{"start":{"line":144,"column":8},"end":{"line":144,"column":113}},"2":{"start":{"line":145,"column":8},"end":{"line":145,"column":105}},"3":{"start":{"line":160,"column":8},"end":{"line":160,"column":124}},"4":{"start":{"line":161,"column":8},"end":{"line":161,"column":109}},"5":{"start":{"line":172,"column":8},"end":{"line":172,"column":60}},"6":{"start":{"line":176,"column":8},"end":{"line":176,"column":57}},"7":{"start":{"line":180,"column":8},"end":{"line":180,"column":74}},"8":{"start":{"line":184,"column":8},"end":{"line":184,"column":64}},"9":{"start":{"line":185,"column":8},"end":{"line":185,"column":21}},"10":{"start":{"line":189,"column":8},"end":{"line":189,"column":62}},"11":{"start":{"line":190,"column":8},"end":{"line":190,"column":20}},"12":{"start":{"line":194,"column":8},"end":{"line":194,"column":62}},"13":{"start":{"line":195,"column":8},"end":{"line":195,"column":20}},"14":{"start":{"line":202,"column":8},"end":{"line":202,"column":60}},"15":{"start":{"line":206,"column":8},"end":{"line":206,"column":57}},"16":{"start":{"line":213,"column":8},"end":{"line":213,"column":60}},"17":{"start":{"line":217,"column":8},"end":{"line":217,"column":57}},"18":{"start":{"line":224,"column":8},"end":{"line":224,"column":60}},"19":{"start":{"line":228,"column":8},"end":{"line":228,"column":57}},"20":{"start":{"line":251,"column":8},"end":{"line":251,"column":9606}},"21":{"start":{"line":252,"column":12},"end":{"line":252,"column":25}},"22":{"start":{"line":254,"column":12},"end":{"line":254,"column":57}},"23":{"start":{"line":255,"column":12},"end":{"line":255,"column":9753}},"24":{"start":{"line":256,"column":16},"end":{"line":256,"column":33}},"25":{"start":{"line":267,"column":8},"end":{"line":267,"column":10117}},"26":{"start":{"line":268,"column":12},"end":{"line":268,"column":25}},"27":{"start":{"line":270,"column":12},"end":{"line":270,"column":57}},"28":{"start":{"line":271,"column":12},"end":{"line":271,"column":10261}},"29":{"start":{"line":272,"column":16},"end":{"line":272,"column":39}},"30":{"start":{"line":285,"column":8},"end":{"line":285,"column":45}},"31":{"start":{"line":286,"column":8},"end":{"line":286,"column":57}},"32":{"start":{"line":287,"column":8},"end":{"line":287,"column":48}},"33":{"start":{"line":288,"column":8},"end":{"line":288,"column":28}},"34":{"start":{"line":299,"column":8},"end":{"line":299,"column":48}},"35":{"start":{"line":300,"column":8},"end":{"line":300,"column":57}},"36":{"start":{"line":301,"column":8},"end":{"line":301,"column":48}},"37":{"start":{"line":302,"column":8},"end":{"line":302,"column":31}},"38":{"start":{"line":311,"column":8},"end":{"line":311,"column":57}},"39":{"start":{"line":312,"column":8},"end":{"line":312,"column":48}},"40":{"start":{"line":313,"column":8},"end":{"line":313,"column":20}},"41":{"start":{"line":322,"column":8},"end":{"line":322,"column":57}},"42":{"start":{"line":323,"column":8},"end":{"line":323,"column":48}},"43":{"start":{"line":324,"column":8},"end":{"line":324,"column":20}},"44":{"start":{"line":330,"column":8},"end":{"line":330,"column":70}},"45":{"start":{"line":336,"column":8},"end":{"line":336,"column":70}},"46":{"start":{"line":356,"column":8},"end":{"line":356,"column":25}},"47":{"start":{"line":357,"column":8},"end":{"line":357,"column":57}},"48":{"start":{"line":370,"column":8},"end":{"line":370,"column":13940}},"49":{"start":{"line":372,"column":12},"end":{"line":372,"column":79}},"50":{"start":{"line":375,"column":12},"end":{"line":375,"column":54}},"51":{"start":{"line":376,"column":12},"end":{"line":376,"column":27}},"52":{"start":{"line":377,"column":12},"end":{"line":377,"column":36}},"53":{"start":{"line":380,"column":12},"end":{"line":380,"column":34}},"54":{"start":{"line":386,"column":8},"end":{"line":386,"column":44}},"55":{"start":{"line":389,"column":8},"end":{"line":389,"column":79}},"56":{"start":{"line":392,"column":8},"end":{"line":392,"column":55}},"57":{"start":{"line":393,"column":8},"end":{"line":393,"column":28}},"58":{"start":{"line":394,"column":8},"end":{"line":394,"column":32}},"59":{"start":{"line":399,"column":8},"end":{"line":399,"column":71}},"60":{"start":{"line":436,"column":8},"end":{"line":436,"column":80}},"61":{"start":{"line":437,"column":8},"end":{"line":437,"column":53}},"62":{"start":{"line":439,"column":8},"end":{"line":439,"column":16602}},"63":{"start":{"line":441,"column":12},"end":{"line":441,"column":42}},"64":{"start":{"line":460,"column":8},"end":{"line":460,"column":54}},"65":{"start":{"line":462,"column":8},"end":{"line":462,"column":65}},"66":{"start":{"line":464,"column":8},"end":{"line":464,"column":58}},"67":{"start":{"line":495,"column":8},"end":{"line":495,"column":23}},"68":{"start":{"line":499,"column":8},"end":{"line":499,"column":89}},"69":{"start":{"line":503,"column":8},"end":{"line":503,"column":119}},"70":{"start":{"line":508,"column":8},"end":{"line":508,"column":23}},"71":{"start":{"line":512,"column":8},"end":{"line":512,"column":108}},"72":{"start":{"line":517,"column":8},"end":{"line":517,"column":48}},"73":{"start":{"line":518,"column":8},"end":{"line":518,"column":44}},"74":{"start":{"line":524,"column":8},"end":{"line":524,"column":76}},"75":{"start":{"line":527,"column":8},"end":{"line":527,"column":60}},"76":{"start":{"line":528,"column":8},"end":{"line":528,"column":65}},"77":{"start":{"line":550,"column":8},"end":{"line":550,"column":75}},"78":{"start":{"line":553,"column":8},"end":{"line":553,"column":21962}},"79":{"start":{"line":554,"column":12},"end":{"line":554,"column":69}},"80":{"start":{"line":555,"column":12},"end":{"line":555,"column":85}},"81":{"start":{"line":556,"column":12},"end":{"line":556,"column":93}},"82":{"start":{"line":561,"column":12},"end":{"line":561,"column":70}},"83":{"start":{"line":569,"column":12},"end":{"line":569,"column":23078}},"84":{"start":{"line":588,"column":12},"end":{"line":588,"column":65}},"85":{"start":{"line":589,"column":12},"end":{"line":589,"column":77}},"86":{"start":{"line":593,"column":8},"end":{"line":593,"column":62}},"87":{"start":{"line":594,"column":8},"end":{"line":594,"column":73}},"88":{"start":{"line":606,"column":8},"end":{"line":606,"column":75}},"89":{"start":{"line":606,"column":37},"end":{"line":606,"column":75}},"90":{"start":{"line":612,"column":8},"end":{"line":612,"column":48}},"91":{"start":{"line":625,"column":8},"end":{"line":625,"column":43}},"92":{"start":{"line":626,"column":8},"end":{"line":626,"column":42}},"93":{"start":{"line":627,"column":8},"end":{"line":627,"column":26094}},"94":{"start":{"line":628,"column":12},"end":{"line":628,"column":86}},"95":{"start":{"line":629,"column":12},"end":{"line":629,"column":67}},"96":{"start":{"line":630,"column":12},"end":{"line":630,"column":33}},"97":{"start":{"line":631,"column":12},"end":{"line":631,"column":30}},"98":{"start":{"line":651,"column":8},"end":{"line":651,"column":56}},"99":{"start":{"line":732,"column":8},"end":{"line":732,"column":29}},"100":{"start":{"line":746,"column":8},"end":{"line":746,"column":31016}},"101":{"start":{"line":748,"column":12},"end":{"line":748,"column":65}},"102":{"start":{"line":749,"column":12},"end":{"line":749,"column":79}},"103":{"start":{"line":750,"column":12},"end":{"line":750,"column":99}},"104":{"start":{"line":762,"column":8},"end":{"line":762,"column":79}},"105":{"start":{"line":779,"column":8},"end":{"line":779,"column":52}},"106":{"start":{"line":792,"column":8},"end":{"line":792,"column":55}},"107":{"start":{"line":811,"column":8},"end":{"line":811,"column":56}},"108":{"start":{"line":814,"column":8},"end":{"line":814,"column":66}},"109":{"start":{"line":815,"column":8},"end":{"line":815,"column":43}},"110":{"start":{"line":818,"column":8},"end":{"line":818,"column":84}},"111":{"start":{"line":819,"column":8},"end":{"line":819,"column":34120}},"112":{"start":{"line":821,"column":12},"end":{"line":821,"column":46}},"113":{"start":{"line":823,"column":12},"end":{"line":823,"column":34412}},"114":{"start":{"line":824,"column":16},"end":{"line":824,"column":29}},"115":{"start":{"line":828,"column":12},"end":{"line":828,"column":48}},"116":{"start":{"line":834,"column":8},"end":{"line":834,"column":35008}},"117":{"start":{"line":839,"column":8},"end":{"line":839,"column":61}},"118":{"start":{"line":840,"column":8},"end":{"line":840,"column":49}},"119":{"start":{"line":841,"column":8},"end":{"line":841,"column":56}},"120":{"start":{"line":842,"column":8},"end":{"line":842,"column":28}},"121":{"start":{"line":846,"column":8},"end":{"line":846,"column":35494}},"122":{"start":{"line":849,"column":12},"end":{"line":849,"column":61}},"123":{"start":{"line":850,"column":15},"end":{"line":850,"column":35841}},"124":{"start":{"line":853,"column":12},"end":{"line":853,"column":62}},"125":{"start":{"line":855,"column":8},"end":{"line":855,"column":55}},"126":{"start":{"line":856,"column":8},"end":{"line":856,"column":25}},"127":{"start":{"line":857,"column":8},"end":{"line":857,"column":23}},"128":{"start":{"line":874,"column":8},"end":{"line":874,"column":56}},"129":{"start":{"line":877,"column":8},"end":{"line":877,"column":66}},"130":{"start":{"line":878,"column":8},"end":{"line":878,"column":43}},"131":{"start":{"line":879,"column":8},"end":{"line":879,"column":37126}},"132":{"start":{"line":881,"column":12},"end":{"line":881,"column":45}},"133":{"start":{"line":884,"column":12},"end":{"line":884,"column":49}},"134":{"start":{"line":887,"column":8},"end":{"line":887,"column":65}},"135":{"start":{"line":888,"column":8},"end":{"line":888,"column":56}},"136":{"start":{"line":889,"column":8},"end":{"line":889,"column":49}},"137":{"start":{"line":891,"column":8},"end":{"line":891,"column":96}},"138":{"start":{"line":892,"column":8},"end":{"line":892,"column":28}},"139":{"start":{"line":895,"column":8},"end":{"line":895,"column":37961}},"140":{"start":{"line":897,"column":12},"end":{"line":897,"column":53}},"141":{"start":{"line":899,"column":12},"end":{"line":899,"column":57}},"142":{"start":{"line":900,"column":12},"end":{"line":900,"column":60}},"143":{"start":{"line":904,"column":12},"end":{"line":904,"column":41}},"144":{"start":{"line":906,"column":8},"end":{"line":906,"column":56}},"145":{"start":{"line":907,"column":8},"end":{"line":907,"column":25}},"146":{"start":{"line":908,"column":8},"end":{"line":908,"column":23}},"147":{"start":{"line":926,"column":8},"end":{"line":926,"column":56}},"148":{"start":{"line":929,"column":8},"end":{"line":929,"column":65}},"149":{"start":{"line":930,"column":8},"end":{"line":930,"column":61}},"150":{"start":{"line":932,"column":8},"end":{"line":932,"column":48}},"151":{"start":{"line":949,"column":8},"end":{"line":949,"column":63}},"152":{"start":{"line":952,"column":8},"end":{"line":952,"column":27}},"153":{"start":{"line":953,"column":8},"end":{"line":953,"column":32}},"154":{"start":{"line":954,"column":8},"end":{"line":954,"column":40561}},"155":{"start":{"line":955,"column":12},"end":{"line":955,"column":31}},"156":{"start":{"line":956,"column":12},"end":{"line":956,"column":69}},"157":{"start":{"line":957,"column":12},"end":{"line":957,"column":51}},"158":{"start":{"line":958,"column":12},"end":{"line":958,"column":56}},"159":{"start":{"line":960,"column":8},"end":{"line":960,"column":71}},"160":{"start":{"line":980,"column":8},"end":{"line":980,"column":75}},"161":{"start":{"line":981,"column":8},"end":{"line":981,"column":43}},"162":{"start":{"line":983,"column":8},"end":{"line":983,"column":65}},"163":{"start":{"line":985,"column":8},"end":{"line":985,"column":105}},"164":{"start":{"line":986,"column":8},"end":{"line":986,"column":74}},"165":{"start":{"line":1006,"column":8},"end":{"line":1006,"column":60}},"166":{"start":{"line":1008,"column":8},"end":{"line":1008,"column":35}},"167":{"start":{"line":1009,"column":8},"end":{"line":1009,"column":43422}},"168":{"start":{"line":1010,"column":12},"end":{"line":1010,"column":39}},"169":{"start":{"line":1011,"column":12},"end":{"line":1011,"column":74}},"170":{"start":{"line":1013,"column":12},"end":{"line":1013,"column":59}},"171":{"start":{"line":1016,"column":8},"end":{"line":1016,"column":73}},"172":{"start":{"line":1018,"column":8},"end":{"line":1018,"column":43735}},"173":{"start":{"line":1019,"column":12},"end":{"line":1019,"column":36}},"174":{"start":{"line":1020,"column":12},"end":{"line":1020,"column":113}},"175":{"start":{"line":1021,"column":12},"end":{"line":1021,"column":90}},"176":{"start":{"line":1031,"column":8},"end":{"line":1031,"column":94}},"177":{"start":{"line":1034,"column":8},"end":{"line":1034,"column":63}},"178":{"start":{"line":1035,"column":8},"end":{"line":1035,"column":66}},"179":{"start":{"line":1049,"column":8},"end":{"line":1049,"column":54}},"180":{"start":{"line":1050,"column":8},"end":{"line":1050,"column":50}},"181":{"start":{"line":1051,"column":8},"end":{"line":1051,"column":45739}},"182":{"start":{"line":1052,"column":12},"end":{"line":1052,"column":47}},"183":{"start":{"line":1055,"column":12},"end":{"line":1055,"column":77}},"184":{"start":{"line":1056,"column":12},"end":{"line":1056,"column":54}},"185":{"start":{"line":1058,"column":12},"end":{"line":1058,"column":122}},"186":{"start":{"line":1059,"column":12},"end":{"line":1059,"column":46284}},"187":{"start":{"line":1060,"column":16},"end":{"line":1060,"column":73}},"188":{"start":{"line":1062,"column":16},"end":{"line":1062,"column":46452}},"189":{"start":{"line":1063,"column":20},"end":{"line":1063,"column":56}},"190":{"start":{"line":1064,"column":20},"end":{"line":1064,"column":48}},"191":{"start":{"line":1065,"column":20},"end":{"line":1065,"column":54}},"192":{"start":{"line":1066,"column":23},"end":{"line":1066,"column":46665}},"193":{"start":{"line":1067,"column":20},"end":{"line":1067,"column":57}},"194":{"start":{"line":1068,"column":20},"end":{"line":1068,"column":48}},"195":{"start":{"line":1069,"column":20},"end":{"line":1069,"column":52}},"196":{"start":{"line":1072,"column":16},"end":{"line":1072,"column":59}},"197":{"start":{"line":1074,"column":12},"end":{"line":1074,"column":36}},"198":{"start":{"line":1075,"column":12},"end":{"line":1075,"column":37}},"199":{"start":{"line":1076,"column":12},"end":{"line":1076,"column":27}},"200":{"start":{"line":1077,"column":12},"end":{"line":1077,"column":48}},"201":{"start":{"line":1078,"column":12},"end":{"line":1078,"column":51}},"202":{"start":{"line":1080,"column":8},"end":{"line":1080,"column":33}},"203":{"start":{"line":1097,"column":8},"end":{"line":1097,"column":54}},"204":{"start":{"line":1098,"column":8},"end":{"line":1098,"column":45}},"205":{"start":{"line":1099,"column":8},"end":{"line":1099,"column":74}},"206":{"start":{"line":1100,"column":8},"end":{"line":1100,"column":48240}},"207":{"start":{"line":1101,"column":12},"end":{"line":1101,"column":18}},"208":{"start":{"line":1104,"column":8},"end":{"line":1104,"column":52}},"209":{"start":{"line":1106,"column":8},"end":{"line":1106,"column":48372}},"210":{"start":{"line":1107,"column":12},"end":{"line":1107,"column":48}},"211":{"start":{"line":1108,"column":12},"end":{"line":1108,"column":47}},"212":{"start":{"line":1109,"column":12},"end":{"line":1109,"column":55}},"213":{"start":{"line":1110,"column":12},"end":{"line":1110,"column":46}},"214":{"start":{"line":1111,"column":15},"end":{"line":1111,"column":48618}},"215":{"start":{"line":1115,"column":12},"end":{"line":1115,"column":49}},"216":{"start":{"line":1116,"column":12},"end":{"line":1116,"column":47}},"217":{"start":{"line":1117,"column":12},"end":{"line":1117,"column":55}},"218":{"start":{"line":1118,"column":12},"end":{"line":1118,"column":55}},"219":{"start":{"line":1119,"column":12},"end":{"line":1119,"column":44}},"220":{"start":{"line":1122,"column":8},"end":{"line":1122,"column":49151}},"221":{"start":{"line":1123,"column":12},"end":{"line":1123,"column":81}},"222":{"start":{"line":1125,"column":12},"end":{"line":1125,"column":49340}},"223":{"start":{"line":1126,"column":16},"end":{"line":1126,"column":67}},"224":{"start":{"line":1127,"column":16},"end":{"line":1127,"column":49465}},"225":{"start":{"line":1128,"column":20},"end":{"line":1128,"column":46}},"226":{"start":{"line":1130,"column":16},"end":{"line":1130,"column":64}},"227":{"start":{"line":1131,"column":16},"end":{"line":1131,"column":65}},"228":{"start":{"line":1132,"column":16},"end":{"line":1132,"column":40}},"229":{"start":{"line":1133,"column":16},"end":{"line":1133,"column":56}},"230":{"start":{"line":1134,"column":19},"end":{"line":1134,"column":49842}},"231":{"start":{"line":1135,"column":16},"end":{"line":1135,"column":74}},"232":{"start":{"line":1136,"column":16},"end":{"line":1136,"column":49974}},"233":{"start":{"line":1137,"column":20},"end":{"line":1137,"column":45}},"234":{"start":{"line":1140,"column":16},"end":{"line":1140,"column":69}},"235":{"start":{"line":1142,"column":16},"end":{"line":1142,"column":70}},"236":{"start":{"line":1143,"column":16},"end":{"line":1143,"column":61}},"237":{"start":{"line":1147,"column":8},"end":{"line":1147,"column":33}}},"branchMap":{"1":{"line":145,"type":"if","locations":[{"start":{"line":145,"column":8},"end":{"line":145,"column":8}},{"start":{"line":145,"column":8},"end":{"line":145,"column":8}}]},"2":{"line":161,"type":"if","locations":[{"start":{"line":161,"column":8},"end":{"line":161,"column":8}},{"start":{"line":161,"column":8},"end":{"line":161,"column":8}}]},"3":{"line":172,"type":"if","locations":[{"start":{"line":172,"column":8},"end":{"line":172,"column":8}},{"start":{"line":172,"column":8},"end":{"line":172,"column":8}}]},"4":{"line":176,"type":"if","locations":[{"start":{"line":176,"column":8},"end":{"line":176,"column":8}},{"start":{"line":176,"column":8},"end":{"line":176,"column":8}}]},"5":{"line":180,"type":"if","locations":[{"start":{"line":180,"column":8},"end":{"line":180,"column":8}},{"start":{"line":180,"column":8},"end":{"line":180,"column":8}}]},"6":{"line":184,"type":"if","locations":[{"start":{"line":184,"column":8},"end":{"line":184,"column":8}},{"start":{"line":184,"column":8},"end":{"line":184,"column":8}}]},"7":{"line":189,"type":"if","locations":[{"start":{"line":189,"column":8},"end":{"line":189,"column":8}},{"start":{"line":189,"column":8},"end":{"line":189,"column":8}}]},"8":{"line":194,"type":"if","locations":[{"start":{"line":194,"column":8},"end":{"line":194,"column":8}},{"start":{"line":194,"column":8},"end":{"line":194,"column":8}}]},"9":{"line":202,"type":"if","locations":[{"start":{"line":202,"column":8},"end":{"line":202,"column":8}},{"start":{"line":202,"column":8},"end":{"line":202,"column":8}}]},"10":{"line":206,"type":"if","locations":[{"start":{"line":206,"column":8},"end":{"line":206,"column":8}},{"start":{"line":206,"column":8},"end":{"line":206,"column":8}}]},"11":{"line":213,"type":"if","locations":[{"start":{"line":213,"column":8},"end":{"line":213,"column":8}},{"start":{"line":213,"column":8},"end":{"line":213,"column":8}}]},"12":{"line":217,"type":"if","locations":[{"start":{"line":217,"column":8},"end":{"line":217,"column":8}},{"start":{"line":217,"column":8},"end":{"line":217,"column":8}}]},"13":{"line":224,"type":"if","locations":[{"start":{"line":224,"column":8},"end":{"line":224,"column":8}},{"start":{"line":224,"column":8},"end":{"line":224,"column":8}}]},"14":{"line":228,"type":"if","locations":[{"start":{"line":228,"column":8},"end":{"line":228,"column":8}},{"start":{"line":228,"column":8},"end":{"line":228,"column":8}}]},"15":{"line":251,"type":"if","locations":[{"start":{"line":251,"column":8},"end":{"line":251,"column":8}},{"start":{"line":251,"column":8},"end":{"line":251,"column":8}}]},"16":{"line":255,"type":"if","locations":[{"start":{"line":255,"column":12},"end":{"line":255,"column":12}},{"start":{"line":255,"column":12},"end":{"line":255,"column":12}}]},"17":{"line":267,"type":"if","locations":[{"start":{"line":267,"column":8},"end":{"line":267,"column":8}},{"start":{"line":267,"column":8},"end":{"line":267,"column":8}}]},"18":{"line":271,"type":"if","locations":[{"start":{"line":271,"column":12},"end":{"line":271,"column":12}},{"start":{"line":271,"column":12},"end":{"line":271,"column":12}}]},"19":{"line":370,"type":"if","locations":[{"start":{"line":370,"column":8},"end":{"line":370,"column":8}},{"start":{"line":370,"column":8},"end":{"line":370,"column":8}}]},"20":{"line":372,"type":"if","locations":[{"start":{"line":372,"column":12},"end":{"line":372,"column":12}},{"start":{"line":372,"column":12},"end":{"line":372,"column":12}}]},"21":{"line":389,"type":"if","locations":[{"start":{"line":389,"column":8},"end":{"line":389,"column":8}},{"start":{"line":389,"column":8},"end":{"line":389,"column":8}}]},"22":{"line":399,"type":"if","locations":[{"start":{"line":399,"column":8},"end":{"line":399,"column":8}},{"start":{"line":399,"column":8},"end":{"line":399,"column":8}}]},"23":{"line":436,"type":"if","locations":[{"start":{"line":436,"column":8},"end":{"line":436,"column":8}},{"start":{"line":436,"column":8},"end":{"line":436,"column":8}}]},"24":{"line":439,"type":"if","locations":[{"start":{"line":439,"column":8},"end":{"line":439,"column":8}},{"start":{"line":439,"column":8},"end":{"line":439,"column":8}}]},"25":{"line":524,"type":"if","locations":[{"start":{"line":524,"column":8},"end":{"line":524,"column":8}},{"start":{"line":524,"column":8},"end":{"line":524,"column":8}}]},"26":{"line":550,"type":"if","locations":[{"start":{"line":550,"column":8},"end":{"line":550,"column":8}},{"start":{"line":550,"column":8},"end":{"line":550,"column":8}}]},"27":{"line":553,"type":"if","locations":[{"start":{"line":553,"column":8},"end":{"line":553,"column":8}},{"start":{"line":553,"column":8},"end":{"line":553,"column":8}}]},"28":{"line":554,"type":"if","locations":[{"start":{"line":554,"column":12},"end":{"line":554,"column":12}},{"start":{"line":554,"column":12},"end":{"line":554,"column":12}}]},"29":{"line":555,"type":"if","locations":[{"start":{"line":555,"column":12},"end":{"line":555,"column":12}},{"start":{"line":555,"column":12},"end":{"line":555,"column":12}}]},"30":{"line":556,"type":"if","locations":[{"start":{"line":556,"column":12},"end":{"line":556,"column":12}},{"start":{"line":556,"column":12},"end":{"line":556,"column":12}}]},"31":{"line":561,"type":"if","locations":[{"start":{"line":561,"column":12},"end":{"line":561,"column":12}},{"start":{"line":561,"column":12},"end":{"line":561,"column":12}}]},"32":{"line":589,"type":"if","locations":[{"start":{"line":589,"column":12},"end":{"line":589,"column":12}},{"start":{"line":589,"column":12},"end":{"line":589,"column":12}}]},"33":{"line":606,"type":"if","locations":[{"start":{"line":606,"column":8},"end":{"line":606,"column":8}},{"start":{"line":606,"column":8},"end":{"line":606,"column":8}}]},"34":{"line":629,"type":"if","locations":[{"start":{"line":629,"column":12},"end":{"line":629,"column":12}},{"start":{"line":629,"column":12},"end":{"line":629,"column":12}}]},"35":{"line":746,"type":"if","locations":[{"start":{"line":746,"column":8},"end":{"line":746,"column":8}},{"start":{"line":746,"column":8},"end":{"line":746,"column":8}}]},"36":{"line":749,"type":"if","locations":[{"start":{"line":749,"column":12},"end":{"line":749,"column":12}},{"start":{"line":749,"column":12},"end":{"line":749,"column":12}}]},"37":{"line":750,"type":"if","locations":[{"start":{"line":750,"column":12},"end":{"line":750,"column":12}},{"start":{"line":750,"column":12},"end":{"line":750,"column":12}}]},"38":{"line":811,"type":"if","locations":[{"start":{"line":811,"column":8},"end":{"line":811,"column":8}},{"start":{"line":811,"column":8},"end":{"line":811,"column":8}}]},"39":{"line":818,"type":"if","locations":[{"start":{"line":818,"column":8},"end":{"line":818,"column":8}},{"start":{"line":818,"column":8},"end":{"line":818,"column":8}}]},"40":{"line":819,"type":"if","locations":[{"start":{"line":819,"column":8},"end":{"line":819,"column":8}},{"start":{"line":819,"column":8},"end":{"line":819,"column":8}}]},"41":{"line":823,"type":"if","locations":[{"start":{"line":823,"column":12},"end":{"line":823,"column":12}},{"start":{"line":823,"column":12},"end":{"line":823,"column":12}}]},"42":{"line":834,"type":"if","locations":[{"start":{"line":834,"column":8},"end":{"line":834,"column":8}},{"start":{"line":834,"column":8},"end":{"line":834,"column":8}}]},"43":{"line":846,"type":"if","locations":[{"start":{"line":846,"column":8},"end":{"line":846,"column":8}},{"start":{"line":846,"column":8},"end":{"line":846,"column":8}}]},"44":{"line":850,"type":"if","locations":[{"start":{"line":850,"column":15},"end":{"line":850,"column":15}},{"start":{"line":850,"column":15},"end":{"line":850,"column":15}}]},"45":{"line":874,"type":"if","locations":[{"start":{"line":874,"column":8},"end":{"line":874,"column":8}},{"start":{"line":874,"column":8},"end":{"line":874,"column":8}}]},"46":{"line":879,"type":"if","locations":[{"start":{"line":879,"column":8},"end":{"line":879,"column":8}},{"start":{"line":879,"column":8},"end":{"line":879,"column":8}}]},"47":{"line":891,"type":"if","locations":[{"start":{"line":891,"column":8},"end":{"line":891,"column":8}},{"start":{"line":891,"column":8},"end":{"line":891,"column":8}}]},"48":{"line":895,"type":"if","locations":[{"start":{"line":895,"column":8},"end":{"line":895,"column":8}},{"start":{"line":895,"column":8},"end":{"line":895,"column":8}}]},"49":{"line":900,"type":"if","locations":[{"start":{"line":900,"column":12},"end":{"line":900,"column":12}},{"start":{"line":900,"column":12},"end":{"line":900,"column":12}}]},"50":{"line":926,"type":"if","locations":[{"start":{"line":926,"column":8},"end":{"line":926,"column":8}},{"start":{"line":926,"column":8},"end":{"line":926,"column":8}}]},"51":{"line":949,"type":"if","locations":[{"start":{"line":949,"column":8},"end":{"line":949,"column":8}},{"start":{"line":949,"column":8},"end":{"line":949,"column":8}}]},"52":{"line":985,"type":"if","locations":[{"start":{"line":985,"column":8},"end":{"line":985,"column":8}},{"start":{"line":985,"column":8},"end":{"line":985,"column":8}}]},"53":{"line":1020,"type":"if","locations":[{"start":{"line":1020,"column":12},"end":{"line":1020,"column":12}},{"start":{"line":1020,"column":12},"end":{"line":1020,"column":12}}]},"54":{"line":1031,"type":"if","locations":[{"start":{"line":1031,"column":8},"end":{"line":1031,"column":8}},{"start":{"line":1031,"column":8},"end":{"line":1031,"column":8}}]},"55":{"line":1051,"type":"if","locations":[{"start":{"line":1051,"column":8},"end":{"line":1051,"column":8}},{"start":{"line":1051,"column":8},"end":{"line":1051,"column":8}}]},"56":{"line":1058,"type":"if","locations":[{"start":{"line":1058,"column":12},"end":{"line":1058,"column":12}},{"start":{"line":1058,"column":12},"end":{"line":1058,"column":12}}]},"57":{"line":1059,"type":"if","locations":[{"start":{"line":1059,"column":12},"end":{"line":1059,"column":12}},{"start":{"line":1059,"column":12},"end":{"line":1059,"column":12}}]},"58":{"line":1062,"type":"if","locations":[{"start":{"line":1062,"column":16},"end":{"line":1062,"column":16}},{"start":{"line":1062,"column":16},"end":{"line":1062,"column":16}}]},"59":{"line":1066,"type":"if","locations":[{"start":{"line":1066,"column":23},"end":{"line":1066,"column":23}},{"start":{"line":1066,"column":23},"end":{"line":1066,"column":23}}]},"60":{"line":1100,"type":"if","locations":[{"start":{"line":1100,"column":8},"end":{"line":1100,"column":8}},{"start":{"line":1100,"column":8},"end":{"line":1100,"column":8}}]},"61":{"line":1106,"type":"if","locations":[{"start":{"line":1106,"column":8},"end":{"line":1106,"column":8}},{"start":{"line":1106,"column":8},"end":{"line":1106,"column":8}}]},"62":{"line":1111,"type":"if","locations":[{"start":{"line":1111,"column":15},"end":{"line":1111,"column":15}},{"start":{"line":1111,"column":15},"end":{"line":1111,"column":15}}]},"63":{"line":1122,"type":"if","locations":[{"start":{"line":1122,"column":8},"end":{"line":1122,"column":8}},{"start":{"line":1122,"column":8},"end":{"line":1122,"column":8}}]},"64":{"line":1125,"type":"if","locations":[{"start":{"line":1125,"column":12},"end":{"line":1125,"column":12}},{"start":{"line":1125,"column":12},"end":{"line":1125,"column":12}}]},"65":{"line":1127,"type":"if","locations":[{"start":{"line":1127,"column":16},"end":{"line":1127,"column":16}},{"start":{"line":1127,"column":16},"end":{"line":1127,"column":16}}]},"66":{"line":1134,"type":"if","locations":[{"start":{"line":1134,"column":19},"end":{"line":1134,"column":19}},{"start":{"line":1134,"column":19},"end":{"line":1134,"column":19}}]},"67":{"line":1136,"type":"if","locations":[{"start":{"line":1136,"column":16},"end":{"line":1136,"column":16}},{"start":{"line":1136,"column":16},"end":{"line":1136,"column":16}}]}}},"contracts/bentobox/KashiPairMediumRiskV1.sol":{"l":{"32":0,"36":0,"40":0,"44":0,"45":0,"49":0,"50":0,"54":0,"55":0,"62":0,"66":0,"87":18,"88":18,"101":0,"103":0,"106":0,"107":0,"108":0,"111":0,"117":0,"120":0,"123":0,"124":0,"125":0,"130":6,"131":6,"152":18,"156":18,"157":18,"160":18,"168":0,"169":0,"172":0,"176":0,"206":0,"207":0,"208":0,"209":0,"210":0,"212":0,"213":0,"216":0,"217":0,"231":0,"232":0,"233":0,"235":0,"236":0,"238":0,"239":0,"240":0,"242":0,"244":0,"245":0,"248":0,"249":0,"257":0,"258":0,"259":0,"279":0,"280":0,"281":0,"286":0,"287":0,"321":0,"322":0,"324":0,"325":0,"326":0,"337":0,"338":0,"340":0,"341":0,"342":0,"355":0,"356":0,"357":0,"358":0,"369":0,"370":0,"371":0,"372":0,"381":0,"382":0,"383":0,"392":0,"393":0,"394":0,"436":0,"437":0,"439":0,"440":0,"441":0,"443":0,"444":0,"445":0,"447":0,"449":0,"457":0,"458":0,"465":0,"466":0,"473":0,"474":0,"821":0,"825":0,"829":0,"834":0,"866":18,"867":18,"868":18,"874":0,"875":0,"876":0,"878":0,"883":0,"885":0,"886":0,"887":0,"889":0,"891":0,"892":0,"894":0,"895":0,"896":0,"898":0,"899":0,"902":0,"903":0,"904":0,"907":0,"908":0,"909":0,"911":0,"912":0,"913":0,"914":0,"915":0,"918":0,"919":0,"920":0,"921":0,"922":0,"924":0,"925":0,"928":0,"929":0,"930":0,"931":0,"932":0,"934":0,"937":0,"938":0,"949":0,"950":0,"951":0,"952":0,"954":0,"956":0,"970":0,"971":0,"979":0,"981":0,"982":0,"983":0,"986":0,"1003":0,"1004":0,"1006":0,"1020":0,"1021":0,"1022":0,"1023":0,"1024":0,"1029":0,"1030":0,"1031":0,"1032":0,"1040":0,"1041":0,"1050":0,"1051":0,"1052":0,"1053":0,"1054":0,"1055":0,"1057":0,"1058":0,"1059":0,"1060":0,"1074":0,"1075":0,"1080":0,"1081":0,"1082":0,"1083":0,"1084":0,"1085":0,"1086":0,"1087":0,"1088":0,"1089":0,"1097":0,"1098":0,"1103":0,"1105":0,"1106":0,"1107":0,"1109":0,"1110":0,"1111":0,"1112":0,"1113":0,"1114":0,"1121":0,"1122":0,"1131":0,"1132":0,"1134":0,"1135":0,"1136":0,"1137":0,"1138":0,"1152":0,"1153":0,"1189":0,"1199":0,"1200":0,"1201":0,"1202":0,"1211":0,"1212":0,"1224":0,"1227":0,"1228":0,"1230":0,"1232":0,"1235":0,"1237":0,"1238":0,"1239":0,"1259":0,"1260":0,"1261":0,"1262":0,"1263":0,"1264":0,"1266":0,"1267":0,"1268":0,"1270":0,"1271":0,"1273":0,"1274":0,"1276":0,"1277":0,"1279":0,"1280":0,"1281":0,"1283":0,"1284":0,"1285":0,"1287":0,"1288":0,"1289":0,"1291":0,"1293":0,"1295":0,"1297":0,"1299":0,"1300":0,"1302":0,"1303":0,"1305":0,"1307":0,"1308":0,"1310":0,"1313":0,"1314":0,"1316":0,"1317":0,"1321":0,"1322":0,"1340":0,"1341":0,"1343":0,"1344":0,"1345":0,"1346":0,"1347":0,"1348":0,"1349":0,"1350":0,"1351":0,"1352":0,"1353":0,"1354":0,"1355":0,"1357":0,"1358":0,"1365":0,"1366":0,"1367":0,"1370":0,"1371":0,"1372":0,"1375":0,"1376":0,"1377":0,"1378":0,"1379":0,"1381":0,"1383":0,"1385":0,"1388":0,"1389":0,"1391":0,"1392":0,"1393":0,"1395":0,"1396":0,"1397":0,"1401":0,"1402":0,"1403":0,"1406":0,"1407":0,"1413":0,"1414":0,"1415":0,"1416":0,"1417":0,"1419":0,"1427":0,"1434":6,"1435":6},"path":"/home/dmitriy/projects/avem-swap/contracts/bentobox/KashiPairMediumRiskV1.sol","s":{"1":0,"2":0,"3":0,"4":0,"5":0,"6":0,"7":0,"8":0,"9":0,"10":0,"11":0,"12":18,"13":18,"14":0,"15":0,"16":0,"17":0,"18":0,"19":0,"20":0,"21":0,"22":0,"23":0,"24":0,"25":6,"26":18,"27":18,"28":18,"29":0,"30":0,"31":0,"32":0,"33":0,"34":0,"35":0,"36":0,"37":0,"38":0,"39":0,"40":0,"41":0,"42":0,"43":0,"44":0,"45":0,"46":0,"47":0,"48":0,"49":0,"50":0,"51":0,"52":0,"53":0,"54":0,"55":0,"56":0,"57":0,"58":0,"59":0,"60":0,"61":0,"62":0,"63":0,"64":0,"65":0,"66":0,"67":0,"68":0,"69":0,"70":0,"71":0,"72":0,"73":0,"74":0,"75":0,"76":0,"77":0,"78":0,"79":0,"80":0,"81":0,"82":0,"83":0,"84":0,"85":0,"86":0,"87":0,"88":0,"89":0,"90":0,"91":0,"92":0,"93":0,"94":0,"95":0,"96":0,"97":0,"98":0,"99":0,"100":0,"101":0,"102":0,"103":0,"104":0,"105":0,"106":18,"107":18,"108":18,"109":0,"110":0,"111":0,"112":0,"113":0,"114":0,"115":0,"116":0,"117":0,"118":0,"119":0,"120":0,"121":0,"122":0,"123":0,"124":0,"125":0,"126":0,"127":0,"128":0,"129":0,"130":0,"131":0,"132":0,"133":0,"134":0,"135":0,"136":0,"137":0,"138":0,"139":0,"140":0,"141":0,"142":0,"143":0,"144":0,"145":0,"146":0,"147":0,"148":0,"149":0,"150":0,"151":0,"152":0,"153":0,"154":0,"155":0,"156":0,"157":0,"158":0,"159":0,"160":0,"161":0,"162":0,"163":0,"164":0,"165":0,"166":0,"167":0,"168":0,"169":0,"170":0,"171":0,"172":0,"173":0,"174":0,"175":0,"176":0,"177":0,"178":0,"179":0,"180":0,"181":0,"182":0,"183":0,"184":0,"185":0,"186":0,"187":0,"188":0,"189":0,"190":0,"191":0,"192":0,"193":0,"194":0,"195":0,"196":0,"197":0,"198":0,"199":0,"200":0,"201":0,"202":0,"203":0,"204":0,"205":0,"206":0,"207":0,"208":0,"209":0,"210":0,"211":0,"212":0,"213":0,"214":0,"215":0,"216":0,"217":0,"218":0,"219":0,"220":0,"221":0,"222":0,"223":0,"224":0,"225":0,"226":0,"227":0,"228":0,"229":0,"230":0,"231":0,"232":0,"233":0,"234":0,"235":0,"236":0,"237":0,"238":0,"239":0,"240":0,"241":0,"242":0,"243":0,"244":0,"245":0,"246":0,"247":0,"248":0,"249":0,"250":0,"251":0,"252":0,"253":0,"254":0,"255":0,"256":0,"257":0,"258":0,"259":0,"260":0,"261":0,"262":0,"263":0,"264":0,"265":0,"266":0,"267":0,"268":0,"269":0,"270":0,"271":0,"272":0,"273":0,"274":0,"275":0,"276":0,"277":0,"278":0,"279":0,"280":0,"281":0,"282":0,"283":0,"284":0,"285":0,"286":0,"287":0,"288":0,"289":0,"290":0,"291":0,"292":0,"293":0,"294":0,"295":0,"296":0,"297":0,"298":0,"299":0,"300":0,"301":0,"302":0,"303":0,"304":0,"305":0,"306":0,"307":0,"308":0,"309":0,"310":0,"311":0,"312":0,"313":0,"314":0,"315":0,"316":0,"317":0,"318":0,"319":0,"320":0,"321":0,"322":0,"323":0,"324":0,"325":0,"326":0,"327":0,"328":0,"329":0,"330":0,"331":0,"332":0,"333":0,"334":0,"335":0,"336":0,"337":0,"338":0,"339":0,"340":0,"341":0,"342":0,"343":0,"344":0,"345":0,"346":0,"347":0,"348":0,"349":0,"350":6,"351":6},"b":{"1":[0,0],"2":[0,0],"3":[0,0],"4":[0,0],"5":[0,0],"6":[0,0],"7":[0,0],"8":[0,0],"9":[0,0],"10":[0,0],"11":[0,0],"12":[6,0],"13":[0,0],"14":[0,0],"15":[0,0],"16":[0,0],"17":[0,0],"18":[0,0],"19":[0,0],"20":[0,0],"21":[0,0],"22":[0,0],"23":[0,0],"24":[0,0],"25":[0,0],"26":[0,0],"27":[0,0],"28":[0,0],"29":[0,0],"30":[0,0],"31":[0,0],"32":[0,0],"33":[0,0],"34":[0,0],"35":[0,0],"36":[0,0],"37":[0,0],"38":[0,0],"39":[0,0],"40":[0,0],"41":[0,0],"42":[0,0],"43":[0,0],"44":[0,0],"45":[0,0],"46":[0,0],"47":[0,0],"48":[0,0],"49":[0,0],"50":[0,0],"51":[0,0],"52":[0,0],"53":[0,0],"54":[0,0],"55":[0,0],"56":[0,0],"57":[0,0],"58":[0,0],"59":[0,0],"60":[0,0],"61":[0,0],"62":[0,0],"63":[0,0],"64":[0,0],"65":[0,0],"66":[0,0],"67":[0,0],"68":[0,0],"69":[0,0],"70":[0,0],"71":[0,0],"72":[0,0],"73":[0,0],"74":[0,0],"75":[0,0],"76":[0,0],"77":[0,0],"78":[0,0],"79":[0,0],"80":[0,0]},"f":{"1":0,"2":0,"3":0,"4":0,"5":0,"6":0,"7":0,"8":0,"9":18,"10":0,"11":0,"12":6,"13":18,"14":18,"15":0,"16":0,"17":0,"18":0,"19":0,"20":0,"21":0,"22":0,"23":0,"24":0,"25":0,"26":0,"27":0,"28":0,"29":0,"30":0,"31":0,"32":0,"33":0,"34":0,"35":18,"36":0,"37":0,"38":0,"39":0,"40":0,"41":0,"42":0,"43":0,"44":0,"45":0,"46":0,"47":0,"48":0,"49":0,"50":0,"51":0,"52":0,"53":0,"54":0,"55":0,"56":0,"57":0,"58":0,"59":0,"60":0,"61":6},"fnMap":{"1":{"name":"add","line":31,"loc":{"start":{"line":31,"column":4},"end":{"line":33,"column":4}}},"2":{"name":"sub","line":35,"loc":{"start":{"line":35,"column":4},"end":{"line":37,"column":4}}},"3":{"name":"mul","line":39,"loc":{"start":{"line":39,"column":4},"end":{"line":41,"column":4}}},"4":{"name":"to128","line":43,"loc":{"start":{"line":43,"column":4},"end":{"line":46,"column":4}}},"5":{"name":"to64","line":48,"loc":{"start":{"line":48,"column":4},"end":{"line":51,"column":4}}},"6":{"name":"to32","line":53,"loc":{"start":{"line":53,"column":4},"end":{"line":56,"column":4}}},"7":{"name":"add","line":61,"loc":{"start":{"line":61,"column":4},"end":{"line":63,"column":4}}},"8":{"name":"sub","line":65,"loc":{"start":{"line":65,"column":4},"end":{"line":67,"column":4}}},"9":{"name":"constructor","line":86,"loc":{"start":{"line":86,"column":4},"end":{"line":89,"column":4}}},"10":{"name":"transferOwnership","line":100,"loc":{"start":{"line":96,"column":4},"end":{"line":113,"column":4}}},"11":{"name":"claimOwnership","line":116,"loc":{"start":{"line":116,"column":4},"end":{"line":126,"column":4}}},"12":{"name":"onlyOwner","line":129,"loc":{"start":{"line":129,"column":4},"end":{"line":132,"column":4}}},"13":{"name":"_calculateDomainSeparator","line":151,"loc":{"start":{"line":151,"column":4},"end":{"line":153,"column":4}}},"14":{"name":"constructor","line":155,"loc":{"start":{"line":155,"column":4},"end":{"line":161,"column":4}}},"15":{"name":"DOMAIN_SEPARATOR","line":167,"loc":{"start":{"line":167,"column":4},"end":{"line":173,"column":4}}},"16":{"name":"_getDigest","line":175,"loc":{"start":{"line":175,"column":4},"end":{"line":177,"column":4}}},"17":{"name":"transfer","line":204,"loc":{"start":{"line":204,"column":4},"end":{"line":218,"column":4}}},"18":{"name":"transferFrom","line":225,"loc":{"start":{"line":225,"column":4},"end":{"line":250,"column":4}}},"19":{"name":"approve","line":256,"loc":{"start":{"line":256,"column":4},"end":{"line":260,"column":4}}},"20":{"name":"permit","line":270,"loc":{"start":{"line":270,"column":4},"end":{"line":288,"column":4}}},"21":{"name":"toBase","line":316,"loc":{"start":{"line":316,"column":4},"end":{"line":329,"column":4}}},"22":{"name":"toElastic","line":332,"loc":{"start":{"line":332,"column":4},"end":{"line":345,"column":4}}},"23":{"name":"add","line":350,"loc":{"start":{"line":350,"column":4},"end":{"line":359,"column":4}}},"24":{"name":"sub","line":364,"loc":{"start":{"line":364,"column":4},"end":{"line":373,"column":4}}},"25":{"name":"add","line":376,"loc":{"start":{"line":376,"column":4},"end":{"line":384,"column":4}}},"26":{"name":"sub","line":387,"loc":{"start":{"line":387,"column":4},"end":{"line":395,"column":4}}},"27":{"name":"returnDataToString","line":435,"loc":{"start":{"line":435,"column":4},"end":{"line":451,"column":4}}},"28":{"name":"safeSymbol","line":456,"loc":{"start":{"line":456,"column":4},"end":{"line":459,"column":4}}},"29":{"name":"safeName","line":464,"loc":{"start":{"line":464,"column":4},"end":{"line":467,"column":4}}},"30":{"name":"safeDecimals","line":472,"loc":{"start":{"line":472,"column":4},"end":{"line":475,"column":4}}},"31":{"name":"symbol","line":820,"loc":{"start":{"line":820,"column":4},"end":{"line":822,"column":4}}},"32":{"name":"name","line":824,"loc":{"start":{"line":824,"column":4},"end":{"line":826,"column":4}}},"33":{"name":"decimals","line":828,"loc":{"start":{"line":828,"column":4},"end":{"line":830,"column":4}}},"34":{"name":"totalSupply","line":833,"loc":{"start":{"line":833,"column":4},"end":{"line":835,"column":4}}},"35":{"name":"constructor","line":865,"loc":{"start":{"line":865,"column":4},"end":{"line":869,"column":4}}},"36":{"name":"init","line":873,"loc":{"start":{"line":873,"column":4},"end":{"line":879,"column":4}}},"37":{"name":"accrue","line":882,"loc":{"start":{"line":882,"column":4},"end":{"line":939,"column":4}}},"38":{"name":"_isSolvent","line":943,"loc":{"start":{"line":943,"column":4},"end":{"line":966,"column":4}}},"39":{"name":"solvent","line":969,"loc":{"start":{"line":969,"column":4},"end":{"line":972,"column":4}}},"40":{"name":"updateExchangeRate","line":978,"loc":{"start":{"line":978,"column":4},"end":{"line":988,"column":4}}},"41":{"name":"_addTokens","line":997,"loc":{"start":{"line":997,"column":4},"end":{"line":1008,"column":4}}},"42":{"name":"addCollateral","line":1015,"loc":{"start":{"line":1015,"column":4},"end":{"line":1025,"column":4}}},"43":{"name":"_removeCollateral","line":1028,"loc":{"start":{"line":1028,"column":4},"end":{"line":1033,"column":4}}},"44":{"name":"removeCollateral","line":1038,"loc":{"start":{"line":1038,"column":4},"end":{"line":1042,"column":4}}},"45":{"name":"_addAsset","line":1045,"loc":{"start":{"line":1045,"column":4},"end":{"line":1061,"column":4}}},"46":{"name":"addAsset","line":1069,"loc":{"start":{"line":1069,"column":4},"end":{"line":1076,"column":4}}},"47":{"name":"_removeAsset","line":1079,"loc":{"start":{"line":1079,"column":4},"end":{"line":1090,"column":4}}},"48":{"name":"removeAsset","line":1096,"loc":{"start":{"line":1096,"column":4},"end":{"line":1099,"column":4}}},"49":{"name":"_borrow","line":1102,"loc":{"start":{"line":1102,"column":4},"end":{"line":1115,"column":4}}},"50":{"name":"borrow","line":1120,"loc":{"start":{"line":1120,"column":4},"end":{"line":1123,"column":4}}},"51":{"name":"_repay","line":1126,"loc":{"start":{"line":1126,"column":4},"end":{"line":1139,"column":4}}},"52":{"name":"repay","line":1147,"loc":{"start":{"line":1147,"column":4},"end":{"line":1154,"column":4}}},"53":{"name":"_num","line":1184,"loc":{"start":{"line":1184,"column":4},"end":{"line":1190,"column":4}}},"54":{"name":"_bentoDeposit","line":1193,"loc":{"start":{"line":1193,"column":4},"end":{"line":1203,"column":4}}},"55":{"name":"_bentoWithdraw","line":1206,"loc":{"start":{"line":1206,"column":4},"end":{"line":1213,"column":4}}},"56":{"name":"_call","line":1218,"loc":{"start":{"line":1218,"column":4},"end":{"line":1240,"column":4}}},"57":{"name":"cook","line":1254,"loc":{"start":{"line":1254,"column":4},"end":{"line":1324,"column":4}}},"58":{"name":"liquidate","line":1332,"loc":{"start":{"line":1332,"column":4},"end":{"line":1409,"column":4}}},"59":{"name":"withdrawFees","line":1412,"loc":{"start":{"line":1412,"column":4},"end":{"line":1420,"column":4}}},"60":{"name":"setSwapper","line":1426,"loc":{"start":{"line":1426,"column":4},"end":{"line":1428,"column":4}}},"61":{"name":"setFeeTo","line":1433,"loc":{"start":{"line":1433,"column":4},"end":{"line":1436,"column":4}}}},"statementMap":{"1":{"start":{"line":32,"column":8},"end":{"line":32,"column":60}},"2":{"start":{"line":36,"column":8},"end":{"line":36,"column":57}},"3":{"start":{"line":40,"column":8},"end":{"line":40,"column":74}},"4":{"start":{"line":44,"column":8},"end":{"line":44,"column":64}},"5":{"start":{"line":45,"column":8},"end":{"line":45,"column":21}},"6":{"start":{"line":49,"column":8},"end":{"line":49,"column":62}},"7":{"start":{"line":50,"column":8},"end":{"line":50,"column":20}},"8":{"start":{"line":54,"column":8},"end":{"line":54,"column":62}},"9":{"start":{"line":55,"column":8},"end":{"line":55,"column":20}},"10":{"start":{"line":62,"column":8},"end":{"line":62,"column":60}},"11":{"start":{"line":66,"column":8},"end":{"line":66,"column":57}},"12":{"start":{"line":87,"column":8},"end":{"line":87,"column":25}},"13":{"start":{"line":88,"column":8},"end":{"line":88,"column":57}},"14":{"start":{"line":101,"column":8},"end":{"line":101,"column":3822}},"15":{"start":{"line":103,"column":12},"end":{"line":103,"column":79}},"16":{"start":{"line":106,"column":12},"end":{"line":106,"column":54}},"17":{"start":{"line":107,"column":12},"end":{"line":107,"column":27}},"18":{"start":{"line":108,"column":12},"end":{"line":108,"column":36}},"19":{"start":{"line":111,"column":12},"end":{"line":111,"column":34}},"20":{"start":{"line":117,"column":8},"end":{"line":117,"column":44}},"21":{"start":{"line":120,"column":8},"end":{"line":120,"column":79}},"22":{"start":{"line":123,"column":8},"end":{"line":123,"column":55}},"23":{"start":{"line":124,"column":8},"end":{"line":124,"column":28}},"24":{"start":{"line":125,"column":8},"end":{"line":125,"column":32}},"25":{"start":{"line":130,"column":8},"end":{"line":130,"column":71}},"26":{"start":{"line":152,"column":8},"end":{"line":152,"column":93}},"27":{"start":{"line":156,"column":8},"end":{"line":156,"column":23}},"28":{"start":{"line":160,"column":8},"end":{"line":160,"column":89}},"29":{"start":{"line":168,"column":8},"end":{"line":168,"column":23}},"30":{"start":{"line":172,"column":8},"end":{"line":172,"column":108}},"31":{"start":{"line":176,"column":8},"end":{"line":176,"column":115}},"32":{"start":{"line":206,"column":8},"end":{"line":206,"column":7895}},"33":{"start":{"line":207,"column":12},"end":{"line":207,"column":54}},"34":{"start":{"line":208,"column":12},"end":{"line":208,"column":66}},"35":{"start":{"line":209,"column":12},"end":{"line":209,"column":8055}},"36":{"start":{"line":210,"column":16},"end":{"line":210,"column":66}},"37":{"start":{"line":212,"column":16},"end":{"line":212,"column":58}},"38":{"start":{"line":213,"column":16},"end":{"line":213,"column":38}},"39":{"start":{"line":216,"column":8},"end":{"line":216,"column":45}},"40":{"start":{"line":217,"column":8},"end":{"line":217,"column":19}},"41":{"start":{"line":231,"column":8},"end":{"line":231,"column":8974}},"42":{"start":{"line":232,"column":12},"end":{"line":232,"column":48}},"43":{"start":{"line":233,"column":12},"end":{"line":233,"column":66}},"44":{"start":{"line":235,"column":12},"end":{"line":235,"column":9129}},"45":{"start":{"line":236,"column":16},"end":{"line":236,"column":70}},"46":{"start":{"line":238,"column":16},"end":{"line":238,"column":9339}},"47":{"start":{"line":239,"column":20},"end":{"line":239,"column":82}},"48":{"start":{"line":240,"column":20},"end":{"line":240,"column":74}},"49":{"start":{"line":242,"column":16},"end":{"line":242,"column":66}},"50":{"start":{"line":244,"column":16},"end":{"line":244,"column":52}},"51":{"start":{"line":245,"column":16},"end":{"line":245,"column":38}},"52":{"start":{"line":248,"column":8},"end":{"line":248,"column":39}},"53":{"start":{"line":249,"column":8},"end":{"line":249,"column":19}},"54":{"start":{"line":257,"column":8},"end":{"line":257,"column":46}},"55":{"start":{"line":258,"column":8},"end":{"line":258,"column":50}},"56":{"start":{"line":259,"column":8},"end":{"line":259,"column":19}},"57":{"start":{"line":279,"column":8},"end":{"line":279,"column":64}},"58":{"start":{"line":280,"column":8},"end":{"line":280,"column":60}},"59":{"start":{"line":281,"column":8},"end":{"line":281,"column":11412}},"60":{"start":{"line":286,"column":8},"end":{"line":286,"column":41}},"61":{"start":{"line":287,"column":8},"end":{"line":287,"column":45}},"62":{"start":{"line":321,"column":8},"end":{"line":321,"column":12769}},"63":{"start":{"line":322,"column":12},"end":{"line":322,"column":25}},"64":{"start":{"line":324,"column":12},"end":{"line":324,"column":57}},"65":{"start":{"line":325,"column":12},"end":{"line":325,"column":12916}},"66":{"start":{"line":326,"column":16},"end":{"line":326,"column":33}},"67":{"start":{"line":337,"column":8},"end":{"line":337,"column":13280}},"68":{"start":{"line":338,"column":12},"end":{"line":338,"column":25}},"69":{"start":{"line":340,"column":12},"end":{"line":340,"column":57}},"70":{"start":{"line":341,"column":12},"end":{"line":341,"column":13424}},"71":{"start":{"line":342,"column":16},"end":{"line":342,"column":39}},"72":{"start":{"line":355,"column":8},"end":{"line":355,"column":45}},"73":{"start":{"line":356,"column":8},"end":{"line":356,"column":57}},"74":{"start":{"line":357,"column":8},"end":{"line":357,"column":48}},"75":{"start":{"line":358,"column":8},"end":{"line":358,"column":28}},"76":{"start":{"line":369,"column":8},"end":{"line":369,"column":48}},"77":{"start":{"line":370,"column":8},"end":{"line":370,"column":57}},"78":{"start":{"line":371,"column":8},"end":{"line":371,"column":48}},"79":{"start":{"line":372,"column":8},"end":{"line":372,"column":31}},"80":{"start":{"line":381,"column":8},"end":{"line":381,"column":57}},"81":{"start":{"line":382,"column":8},"end":{"line":382,"column":48}},"82":{"start":{"line":383,"column":8},"end":{"line":383,"column":20}},"83":{"start":{"line":392,"column":8},"end":{"line":392,"column":57}},"84":{"start":{"line":393,"column":8},"end":{"line":393,"column":48}},"85":{"start":{"line":394,"column":8},"end":{"line":394,"column":20}},"86":{"start":{"line":436,"column":8},"end":{"line":436,"column":16666}},"87":{"start":{"line":437,"column":12},"end":{"line":437,"column":45}},"88":{"start":{"line":438,"column":15},"end":{"line":438,"column":16753}},"89":{"start":{"line":439,"column":12},"end":{"line":439,"column":23}},"90":{"start":{"line":440,"column":12},"end":{"line":440,"column":16819}},"91":{"start":{"line":443,"column":12},"end":{"line":443,"column":50}},"92":{"start":{"line":444,"column":12},"end":{"line":444,"column":16951}},"93":{"start":{"line":445,"column":16},"end":{"line":445,"column":38}},"94":{"start":{"line":447,"column":12},"end":{"line":447,"column":37}},"95":{"start":{"line":449,"column":12},"end":{"line":449,"column":24}},"96":{"start":{"line":457,"column":8},"end":{"line":457,"column":105}},"97":{"start":{"line":458,"column":8},"end":{"line":458,"column":57}},"98":{"start":{"line":465,"column":8},"end":{"line":465,"column":103}},"99":{"start":{"line":466,"column":8},"end":{"line":466,"column":57}},"100":{"start":{"line":473,"column":8},"end":{"line":473,"column":107}},"101":{"start":{"line":474,"column":8},"end":{"line":474,"column":76}},"102":{"start":{"line":821,"column":8},"end":{"line":821,"column":127}},"103":{"start":{"line":825,"column":8},"end":{"line":825,"column":137}},"104":{"start":{"line":829,"column":8},"end":{"line":829,"column":35}},"105":{"start":{"line":834,"column":8},"end":{"line":834,"column":30}},"106":{"start":{"line":866,"column":8},"end":{"line":866,"column":27}},"107":{"start":{"line":867,"column":8},"end":{"line":867,"column":28}},"108":{"start":{"line":868,"column":8},"end":{"line":868,"column":25}},"109":{"start":{"line":874,"column":8},"end":{"line":874,"column":83}},"110":{"start":{"line":875,"column":8},"end":{"line":875,"column":99}},"111":{"start":{"line":876,"column":8},"end":{"line":876,"column":72}},"112":{"start":{"line":878,"column":8},"end":{"line":878,"column":74}},"113":{"start":{"line":883,"column":8},"end":{"line":883,"column":50}},"114":{"start":{"line":885,"column":8},"end":{"line":885,"column":71}},"115":{"start":{"line":886,"column":8},"end":{"line":886,"column":35746}},"116":{"start":{"line":887,"column":12},"end":{"line":887,"column":18}},"117":{"start":{"line":889,"column":8},"end":{"line":889,"column":56}},"118":{"start":{"line":891,"column":8},"end":{"line":891,"column":48}},"119":{"start":{"line":892,"column":8},"end":{"line":892,"column":35918}},"120":{"start":{"line":894,"column":12},"end":{"line":894,"column":36028}},"121":{"start":{"line":895,"column":16},"end":{"line":895,"column":75}},"122":{"start":{"line":896,"column":16},"end":{"line":896,"column":69}},"123":{"start":{"line":898,"column":12},"end":{"line":898,"column":35}},"124":{"start":{"line":899,"column":12},"end":{"line":899,"column":18}},"125":{"start":{"line":902,"column":8},"end":{"line":902,"column":31}},"126":{"start":{"line":903,"column":8},"end":{"line":903,"column":31}},"127":{"start":{"line":904,"column":8},"end":{"line":904,"column":46}},"128":{"start":{"line":907,"column":8},"end":{"line":907,"column":109}},"129":{"start":{"line":908,"column":8},"end":{"line":908,"column":75}},"130":{"start":{"line":909,"column":8},"end":{"line":909,"column":112}},"131":{"start":{"line":911,"column":8},"end":{"line":911,"column":80}},"132":{"start":{"line":912,"column":8},"end":{"line":912,"column":70}},"133":{"start":{"line":913,"column":8},"end":{"line":913,"column":95}},"134":{"start":{"line":914,"column":8},"end":{"line":914,"column":66}},"135":{"start":{"line":915,"column":8},"end":{"line":915,"column":33}},"136":{"start":{"line":918,"column":8},"end":{"line":918,"column":104}},"137":{"start":{"line":919,"column":8},"end":{"line":919,"column":37311}},"138":{"start":{"line":920,"column":12},"end":{"line":920,"column":128}},"139":{"start":{"line":921,"column":12},"end":{"line":921,"column":98}},"140":{"start":{"line":922,"column":12},"end":{"line":922,"column":122}},"141":{"start":{"line":924,"column":12},"end":{"line":924,"column":37731}},"142":{"start":{"line":925,"column":16},"end":{"line":925,"column":74}},"143":{"start":{"line":927,"column":15},"end":{"line":927,"column":37921}},"144":{"start":{"line":928,"column":12},"end":{"line":928,"column":127}},"145":{"start":{"line":929,"column":12},"end":{"line":929,"column":96}},"146":{"start":{"line":930,"column":12},"end":{"line":930,"column":114}},"147":{"start":{"line":931,"column":12},"end":{"line":931,"column":38328}},"148":{"start":{"line":932,"column":16},"end":{"line":932,"column":65}},"149":{"start":{"line":934,"column":12},"end":{"line":934,"column":71}},"150":{"start":{"line":937,"column":8},"end":{"line":937,"column":92}},"151":{"start":{"line":938,"column":8},"end":{"line":938,"column":31}},"152":{"start":{"line":949,"column":8},"end":{"line":949,"column":49}},"153":{"start":{"line":950,"column":8},"end":{"line":950,"column":40}},"154":{"start":{"line":950,"column":29},"end":{"line":950,"column":40}},"155":{"start":{"line":951,"column":8},"end":{"line":951,"column":59}},"156":{"start":{"line":952,"column":8},"end":{"line":952,"column":46}},"157":{"start":{"line":952,"column":34},"end":{"line":952,"column":46}},"158":{"start":{"line":954,"column":8},"end":{"line":954,"column":48}},"159":{"start":{"line":956,"column":8},"end":{"line":956,"column":39440}},"160":{"start":{"line":971,"column":8},"end":{"line":971,"column":88}},"161":{"start":{"line":979,"column":8},"end":{"line":979,"column":47}},"162":{"start":{"line":981,"column":8},"end":{"line":981,"column":40530}},"163":{"start":{"line":982,"column":12},"end":{"line":982,"column":30}},"164":{"start":{"line":983,"column":12},"end":{"line":983,"column":38}},"165":{"start":{"line":986,"column":12},"end":{"line":986,"column":30}},"166":{"start":{"line":1003,"column":8},"end":{"line":1003,"column":41326}},"167":{"start":{"line":1004,"column":12},"end":{"line":1004,"column":108}},"168":{"start":{"line":1006,"column":12},"end":{"line":1006,"column":69}},"169":{"start":{"line":1020,"column":8},"end":{"line":1020,"column":67}},"170":{"start":{"line":1021,"column":8},"end":{"line":1021,"column":62}},"171":{"start":{"line":1022,"column":8},"end":{"line":1022,"column":64}},"172":{"start":{"line":1023,"column":8},"end":{"line":1023,"column":67}},"173":{"start":{"line":1024,"column":8},"end":{"line":1024,"column":79}},"174":{"start":{"line":1029,"column":8},"end":{"line":1029,"column":83}},"175":{"start":{"line":1030,"column":8},"end":{"line":1030,"column":61}},"176":{"start":{"line":1031,"column":8},"end":{"line":1031,"column":55}},"177":{"start":{"line":1032,"column":8},"end":{"line":1032,"column":62}},"178":{"start":{"line":1040,"column":8},"end":{"line":1040,"column":15}},"179":{"start":{"line":1041,"column":8},"end":{"line":1041,"column":35}},"180":{"start":{"line":1050,"column":8},"end":{"line":1050,"column":46}},"181":{"start":{"line":1051,"column":8},"end":{"line":1051,"column":53}},"182":{"start":{"line":1052,"column":8},"end":{"line":1052,"column":99}},"183":{"start":{"line":1053,"column":8},"end":{"line":1053,"column":80}},"184":{"start":{"line":1054,"column":8},"end":{"line":1054,"column":43622}},"185":{"start":{"line":1055,"column":12},"end":{"line":1055,"column":20}},"186":{"start":{"line":1057,"column":8},"end":{"line":1057,"column":52}},"187":{"start":{"line":1058,"column":8},"end":{"line":1058,"column":50}},"188":{"start":{"line":1059,"column":8},"end":{"line":1059,"column":54}},"189":{"start":{"line":1060,"column":8},"end":{"line":1060,"column":84}},"190":{"start":{"line":1074,"column":8},"end":{"line":1074,"column":15}},"191":{"start":{"line":1075,"column":8},"end":{"line":1075,"column":44}},"192":{"start":{"line":1080,"column":8},"end":{"line":1080,"column":46}},"193":{"start":{"line":1081,"column":8},"end":{"line":1081,"column":99}},"194":{"start":{"line":1082,"column":8},"end":{"line":1082,"column":56}},"195":{"start":{"line":1083,"column":8},"end":{"line":1083,"column":66}},"196":{"start":{"line":1084,"column":8},"end":{"line":1084,"column":67}},"197":{"start":{"line":1085,"column":8},"end":{"line":1085,"column":64}},"198":{"start":{"line":1086,"column":8},"end":{"line":1086,"column":64}},"199":{"start":{"line":1087,"column":8},"end":{"line":1087,"column":31}},"200":{"start":{"line":1088,"column":8},"end":{"line":1088,"column":60}},"201":{"start":{"line":1089,"column":8},"end":{"line":1089,"column":57}},"202":{"start":{"line":1097,"column":8},"end":{"line":1097,"column":15}},"203":{"start":{"line":1098,"column":8},"end":{"line":1098,"column":41}},"204":{"start":{"line":1103,"column":8},"end":{"line":1103,"column":89}},"205":{"start":{"line":1105,"column":8},"end":{"line":1105,"column":73}},"206":{"start":{"line":1106,"column":8},"end":{"line":1106,"column":72}},"207":{"start":{"line":1107,"column":8},"end":{"line":1107,"column":63}},"208":{"start":{"line":1109,"column":8},"end":{"line":1109,"column":53}},"209":{"start":{"line":1110,"column":8},"end":{"line":1110,"column":46}},"210":{"start":{"line":1111,"column":8},"end":{"line":1111,"column":64}},"211":{"start":{"line":1112,"column":8},"end":{"line":1112,"column":67}},"212":{"start":{"line":1113,"column":8},"end":{"line":1113,"column":31}},"213":{"start":{"line":1114,"column":8},"end":{"line":1114,"column":57}},"214":{"start":{"line":1121,"column":8},"end":{"line":1121,"column":15}},"215":{"start":{"line":1122,"column":8},"end":{"line":1122,"column":42}},"216":{"start":{"line":1131,"column":8},"end":{"line":1131,"column":58}},"217":{"start":{"line":1132,"column":8},"end":{"line":1132,"column":56}},"218":{"start":{"line":1134,"column":8},"end":{"line":1134,"column":61}},"219":{"start":{"line":1135,"column":8},"end":{"line":1135,"column":47}},"220":{"start":{"line":1136,"column":8},"end":{"line":1136,"column":58}},"221":{"start":{"line":1137,"column":8},"end":{"line":1137,"column":57}},"222":{"start":{"line":1138,"column":8},"end":{"line":1138,"column":78}},"223":{"start":{"line":1152,"column":8},"end":{"line":1152,"column":15}},"224":{"start":{"line":1153,"column":8},"end":{"line":1153,"column":38}},"225":{"start":{"line":1189,"column":8},"end":{"line":1189,"column":85}},"226":{"start":{"line":1199,"column":8},"end":{"line":1199,"column":117}},"227":{"start":{"line":1200,"column":8},"end":{"line":1200,"column":52}},"228":{"start":{"line":1201,"column":8},"end":{"line":1201,"column":50}},"229":{"start":{"line":1202,"column":8},"end":{"line":1202,"column":101}},"230":{"start":{"line":1211,"column":8},"end":{"line":1211,"column":117}},"231":{"start":{"line":1212,"column":8},"end":{"line":1212,"column":114}},"232":{"start":{"line":1224,"column":8},"end":{"line":1224,"column":51177}},"233":{"start":{"line":1227,"column":8},"end":{"line":1227,"column":51290}},"234":{"start":{"line":1228,"column":12},"end":{"line":1228,"column":56}},"235":{"start":{"line":1229,"column":15},"end":{"line":1229,"column":51395}},"236":{"start":{"line":1230,"column":12},"end":{"line":1230,"column":56}},"237":{"start":{"line":1231,"column":15},"end":{"line":1231,"column":51500}},"238":{"start":{"line":1232,"column":12},"end":{"line":1232,"column":64}},"239":{"start":{"line":1235,"column":8},"end":{"line":1235,"column":95}},"240":{"start":{"line":1237,"column":8},"end":{"line":1237,"column":85}},"241":{"start":{"line":1238,"column":8},"end":{"line":1238,"column":49}},"242":{"start":{"line":1239,"column":8},"end":{"line":1239,"column":41}},"243":{"start":{"line":1259,"column":8},"end":{"line":1259,"column":32}},"244":{"start":{"line":1260,"column":8},"end":{"line":1260,"column":52948}},"245":{"start":{"line":1261,"column":12},"end":{"line":1261,"column":37}},"246":{"start":{"line":1262,"column":12},"end":{"line":1262,"column":53050}},"247":{"start":{"line":1263,"column":16},"end":{"line":1263,"column":23}},"248":{"start":{"line":1264,"column":16},"end":{"line":1264,"column":39}},"249":{"start":{"line":1266,"column":12},"end":{"line":1266,"column":53185}},"250":{"start":{"line":1267,"column":16},"end":{"line":1267,"column":101}},"251":{"start":{"line":1268,"column":16},"end":{"line":1268,"column":67}},"252":{"start":{"line":1269,"column":19},"end":{"line":1269,"column":53416}},"253":{"start":{"line":1270,"column":16},"end":{"line":1270,"column":101}},"254":{"start":{"line":1271,"column":16},"end":{"line":1271,"column":72}},"255":{"start":{"line":1272,"column":19},"end":{"line":1272,"column":53647}},"256":{"start":{"line":1273,"column":16},"end":{"line":1273,"column":100}},"257":{"start":{"line":1274,"column":16},"end":{"line":1274,"column":59}},"258":{"start":{"line":1275,"column":19},"end":{"line":1275,"column":53860}},"259":{"start":{"line":1276,"column":16},"end":{"line":1276,"column":87}},"260":{"start":{"line":1277,"column":16},"end":{"line":1277,"column":72}},"261":{"start":{"line":1278,"column":19},"end":{"line":1278,"column":54080}},"262":{"start":{"line":1279,"column":16},"end":{"line":1279,"column":84}},"263":{"start":{"line":1280,"column":16},"end":{"line":1280,"column":65}},"264":{"start":{"line":1281,"column":16},"end":{"line":1281,"column":47}},"265":{"start":{"line":1282,"column":19},"end":{"line":1282,"column":54345}},"266":{"start":{"line":1283,"column":16},"end":{"line":1283,"column":85}},"267":{"start":{"line":1284,"column":16},"end":{"line":1284,"column":75}},"268":{"start":{"line":1285,"column":16},"end":{"line":1285,"column":47}},"269":{"start":{"line":1286,"column":19},"end":{"line":1286,"column":54610}},"270":{"start":{"line":1287,"column":16},"end":{"line":1287,"column":117}},"271":{"start":{"line":1288,"column":16},"end":{"line":1288,"column":67}},"272":{"start":{"line":1289,"column":16},"end":{"line":1289,"column":129}},"273":{"start":{"line":1290,"column":19},"end":{"line":1290,"column":54994}},"274":{"start":{"line":1291,"column":16},"end":{"line":1291,"column":55131}},"275":{"start":{"line":1293,"column":16},"end":{"line":1293,"column":91}},"276":{"start":{"line":1294,"column":19},"end":{"line":1294,"column":55346}},"277":{"start":{"line":1295,"column":16},"end":{"line":1295,"column":84}},"278":{"start":{"line":1296,"column":19},"end":{"line":1296,"column":55490}},"279":{"start":{"line":1297,"column":16},"end":{"line":1297,"column":74}},"280":{"start":{"line":1298,"column":19},"end":{"line":1298,"column":55625}},"281":{"start":{"line":1299,"column":16},"end":{"line":1299,"column":106}},"282":{"start":{"line":1300,"column":16},"end":{"line":1300,"column":84}},"283":{"start":{"line":1301,"column":19},"end":{"line":1301,"column":55878}},"284":{"start":{"line":1302,"column":16},"end":{"line":1302,"column":132}},"285":{"start":{"line":1303,"column":16},"end":{"line":1303,"column":72}},"286":{"start":{"line":1304,"column":19},"end":{"line":1304,"column":56154}},"287":{"start":{"line":1305,"column":16},"end":{"line":1305,"column":106}},"288":{"start":{"line":1307,"column":16},"end":{"line":1307,"column":56312}},"289":{"start":{"line":1308,"column":20},"end":{"line":1308,"column":63}},"290":{"start":{"line":1309,"column":23},"end":{"line":1309,"column":56426}},"291":{"start":{"line":1310,"column":20},"end":{"line":1310,"column":80}},"292":{"start":{"line":1312,"column":19},"end":{"line":1312,"column":56567}},"293":{"start":{"line":1313,"column":16},"end":{"line":1313,"column":60}},"294":{"start":{"line":1314,"column":16},"end":{"line":1314,"column":110}},"295":{"start":{"line":1315,"column":19},"end":{"line":1315,"column":56801}},"296":{"start":{"line":1316,"column":16},"end":{"line":1316,"column":62}},"297":{"start":{"line":1317,"column":16},"end":{"line":1317,"column":79}},"298":{"start":{"line":1321,"column":8},"end":{"line":1321,"column":57015}},"299":{"start":{"line":1322,"column":12},"end":{"line":1322,"column":92}},"300":{"start":{"line":1340,"column":8},"end":{"line":1340,"column":56}},"301":{"start":{"line":1341,"column":8},"end":{"line":1341,"column":15}},"302":{"start":{"line":1343,"column":8},"end":{"line":1343,"column":34}},"303":{"start":{"line":1344,"column":8},"end":{"line":1344,"column":31}},"304":{"start":{"line":1345,"column":8},"end":{"line":1345,"column":29}},"305":{"start":{"line":1346,"column":8},"end":{"line":1346,"column":48}},"306":{"start":{"line":1347,"column":8},"end":{"line":1347,"column":66}},"307":{"start":{"line":1348,"column":8},"end":{"line":1348,"column":58305}},"308":{"start":{"line":1349,"column":12},"end":{"line":1349,"column":35}},"309":{"start":{"line":1350,"column":12},"end":{"line":1350,"column":58403}},"310":{"start":{"line":1351,"column":16},"end":{"line":1351,"column":34}},"311":{"start":{"line":1353,"column":20},"end":{"line":1353,"column":70}},"312":{"start":{"line":1354,"column":20},"end":{"line":1354,"column":113}},"313":{"start":{"line":1355,"column":20},"end":{"line":1355,"column":77}},"314":{"start":{"line":1357,"column":16},"end":{"line":1357,"column":80}},"315":{"start":{"line":1358,"column":16},"end":{"line":1358,"column":58896}},"316":{"start":{"line":1365,"column":16},"end":{"line":1365,"column":89}},"317":{"start":{"line":1366,"column":16},"end":{"line":1366,"column":111}},"318":{"start":{"line":1367,"column":16},"end":{"line":1367,"column":117}},"319":{"start":{"line":1370,"column":16},"end":{"line":1370,"column":75}},"320":{"start":{"line":1371,"column":16},"end":{"line":1371,"column":66}},"321":{"start":{"line":1372,"column":16},"end":{"line":1372,"column":60}},"322":{"start":{"line":1375,"column":8},"end":{"line":1375,"column":66}},"323":{"start":{"line":1376,"column":8},"end":{"line":1376,"column":79}},"324":{"start":{"line":1377,"column":8},"end":{"line":1377,"column":71}},"325":{"start":{"line":1378,"column":8},"end":{"line":1378,"column":33}},"326":{"start":{"line":1379,"column":8},"end":{"line":1379,"column":74}},"327":{"start":{"line":1381,"column":8},"end":{"line":1381,"column":79}},"328":{"start":{"line":1383,"column":8},"end":{"line":1383,"column":60201}},"329":{"start":{"line":1385,"column":12},"end":{"line":1385,"column":82}},"330":{"start":{"line":1388,"column":12},"end":{"line":1388,"column":93}},"331":{"start":{"line":1389,"column":12},"end":{"line":1389,"column":93}},"332":{"start":{"line":1391,"column":12},"end":{"line":1391,"column":109}},"333":{"start":{"line":1392,"column":12},"end":{"line":1392,"column":66}},"334":{"start":{"line":1393,"column":12},"end":{"line":1393,"column":82}},"335":{"start":{"line":1395,"column":12},"end":{"line":1395,"column":84}},"336":{"start":{"line":1396,"column":12},"end":{"line":1396,"column":91}},"337":{"start":{"line":1397,"column":12},"end":{"line":1397,"column":90}},"338":{"start":{"line":1401,"column":12},"end":{"line":1401,"column":123}},"339":{"start":{"line":1402,"column":12},"end":{"line":1402,"column":61576}},"340":{"start":{"line":1403,"column":16},"end":{"line":1403,"column":94}},"341":{"start":{"line":1406,"column":12},"end":{"line":1406,"column":78}},"342":{"start":{"line":1407,"column":12},"end":{"line":1407,"column":78}},"343":{"start":{"line":1413,"column":8},"end":{"line":1413,"column":15}},"344":{"start":{"line":1414,"column":8},"end":{"line":1414,"column":47}},"345":{"start":{"line":1415,"column":8},"end":{"line":1415,"column":67}},"346":{"start":{"line":1416,"column":8},"end":{"line":1416,"column":69}},"347":{"start":{"line":1417,"column":8},"end":{"line":1417,"column":40}},"348":{"start":{"line":1419,"column":8},"end":{"line":1419,"column":57}},"349":{"start":{"line":1427,"column":8},"end":{"line":1427,"column":33}},"350":{"start":{"line":1434,"column":8},"end":{"line":1434,"column":23}},"351":{"start":{"line":1435,"column":8},"end":{"line":1435,"column":31}}},"branchMap":{"1":{"line":32,"type":"if","locations":[{"start":{"line":32,"column":8},"end":{"line":32,"column":8}},{"start":{"line":32,"column":8},"end":{"line":32,"column":8}}]},"2":{"line":36,"type":"if","locations":[{"start":{"line":36,"column":8},"end":{"line":36,"column":8}},{"start":{"line":36,"column":8},"end":{"line":36,"column":8}}]},"3":{"line":40,"type":"if","locations":[{"start":{"line":40,"column":8},"end":{"line":40,"column":8}},{"start":{"line":40,"column":8},"end":{"line":40,"column":8}}]},"4":{"line":44,"type":"if","locations":[{"start":{"line":44,"column":8},"end":{"line":44,"column":8}},{"start":{"line":44,"column":8},"end":{"line":44,"column":8}}]},"5":{"line":49,"type":"if","locations":[{"start":{"line":49,"column":8},"end":{"line":49,"column":8}},{"start":{"line":49,"column":8},"end":{"line":49,"column":8}}]},"6":{"line":54,"type":"if","locations":[{"start":{"line":54,"column":8},"end":{"line":54,"column":8}},{"start":{"line":54,"column":8},"end":{"line":54,"column":8}}]},"7":{"line":62,"type":"if","locations":[{"start":{"line":62,"column":8},"end":{"line":62,"column":8}},{"start":{"line":62,"column":8},"end":{"line":62,"column":8}}]},"8":{"line":66,"type":"if","locations":[{"start":{"line":66,"column":8},"end":{"line":66,"column":8}},{"start":{"line":66,"column":8},"end":{"line":66,"column":8}}]},"9":{"line":101,"type":"if","locations":[{"start":{"line":101,"column":8},"end":{"line":101,"column":8}},{"start":{"line":101,"column":8},"end":{"line":101,"column":8}}]},"10":{"line":103,"type":"if","locations":[{"start":{"line":103,"column":12},"end":{"line":103,"column":12}},{"start":{"line":103,"column":12},"end":{"line":103,"
[...]
{"line":191,"column":8},"end":{"line":191,"column":8}},{"start":{"line":191,"column":8},"end":{"line":191,"column":8}}]},"26":{"line":195,"type":"if","locations":[{"start":{"line":195,"column":8},"end":{"line":195,"column":8}},{"start":{"line":195,"column":8},"end":{"line":195,"column":8}}]}}},"contracts/uniswapv2/UniswapV2Router02.sol":{"l":{"20":0,"21":0,"25":0,"26":0,"30":0,"43":0,"44":0,"46":0,"47":0,"48":0,"50":0,"51":0,"52":0,"53":0,"55":0,"56":0,"57":0,"58":0,"72":0,"73":0,"74":0,"75":0,"76":0,"86":0,"94":0,"95":0,"96":0,"97":0,"98":0,"100":0,"113":0,"114":0,"115":0,"116":0,"117":0,"118":0,"119":0,"129":0,"138":0,"139":0,"140":0,"152":0,"153":0,"154":0,"155":0,"166":0,"167":0,"168":0,"169":0,"181":0,"190":0,"191":0,"192":0,"203":0,"204":0,"205":0,"206":0,"214":0,"215":0,"216":0,"217":0,"218":0,"219":0,"220":0,"232":0,"233":0,"234":0,"237":0,"246":0,"247":0,"248":0,"251":0,"261":0,"262":0,"263":0,"264":0,"265":0,"266":0,"275":0,"276":0,"277":0,"278":0,"281":0,"282":0,"283":0,"292":0,"293":0,"294":0,"295":0,"298":0,"299":0,"300":0,"310":0,"311":0,"312":0,"313":0,"314":0,"315":0,"317":0,"323":0,"324":0,"325":0,"326":0,"327":0,"328":0,"329":0,"330":0,"331":0,"332":0,"333":0,"335":0,"336":0,"337":0,"347":0,"350":0,"351":0,"352":0,"369":0,"370":0,"371":0,"372":0,"373":0,"374":0,"375":0,"392":0,"393":0,"396":0,"397":0,"398":0,"399":0,"400":0,"405":0,"415":0,"425":0,"435":0,"445":0},"path":"/home/dmitriy/projects/avem-swap/contracts/uniswapv2/UniswapV2Router02.sol","s":{"1":0,"2":0,"3":0,"4":0,"5":0,"6":0,"7":0,"8":0,"9":0,"10":0,"11":0,"12":0,"13":0,"14":0,"15":0,"16":0,"17":0,"18":0,"19":0,"20":0,"21":0,"22":0,"23":0,"24":0,"25":0,"26":0,"27":0,"28":0,"29":0,"30":0,"31":0,"32":0,"33":0,"34":0,"35":0,"36":0,"37":0,"38":0,"39":0,"40":0,"41":0,"42":0,"43":0,"44":0,"45":0,"46":0,"47":0,"48":0,"49":0,"50":0,"51":0,"52":0,"53":0,"54":0,"55":0,"56":0,"57":0,"58":0,"59":0,"60":0,"61":0,"62":0,"63":0,"64":0,"65":0,"66":0,"67":0,"68":0,"69":0,"70":0,"71":0,"72":0,"73":0,"74":0,"75":0,"76":0,"77":0,"78":0,"79":0,"80":0,"81":0,"82":0,"83":0,"84":0,"85":0,"86":0,"87":0,"88":0,"89":0,"90":0,"91":0,"92":0,"93":0,"94":0,"95":0,"96":0,"97":0,"98":0,"99":0,"100":0,"101":0,"102":0,"103":0,"104":0,"105":0,"106":0,"107":0,"108":0,"109":0,"110":0,"111":0,"112":0,"113":0,"114":0,"115":0,"116":0,"117":0,"118":0,"119":0,"120":0,"121":0,"122":0,"123":0,"124":0,"125":0,"126":0,"127":0,"128":0,"129":0,"130":0,"131":0,"132":0,"133":0,"134":0,"135":0},"b":{"1":[0,0],"2":[0,0],"3":[0,0],"4":[0,0],"5":[0,0],"6":[0,0],"7":[0,0],"8":[0,0],"9":[0,0],"10":[0,0],"11":[0,0],"12":[0,0],"13":[0,0],"14":[0,0],"15":[0,0],"16":[0,0],"17":[0,0],"18":[0,0],"19":[0,0],"20":[0,0],"21":[0,0],"22":[0,0],"23":[0,0],"24":[0,0],"25":[0,0]},"f":{"1":0,"2":0,"3":0,"4":0,"5":0,"6":0,"7":0,"8":0,"9":0,"10":0,"11":0,"12":0,"13":0,"14":0,"15":0,"16":0,"17":0,"18":0,"19":0,"20":0,"21":0,"22":0,"23":0,"24":0,"25":0,"26":0,"27":0},"fnMap":{"1":{"name":"ensure","line":19,"loc":{"start":{"line":19,"column":4},"end":{"line":22,"column":4}}},"2":{"name":"constructor","line":24,"loc":{"start":{"line":24,"column":4},"end":{"line":27,"column":4}}},"3":{"name":"_addLiquidity","line":34,"loc":{"start":{"line":34,"column":4},"end":{"line":61,"column":4}}},"4":{"name":"addLiquidity","line":71,"loc":{"start":{"line":62,"column":4},"end":{"line":77,"column":4}}},"5":{"name":"addLiquidityETH","line":85,"loc":{"start":{"line":78,"column":4},"end":{"line":101,"column":4}}},"6":{"name":"removeLiquidity","line":112,"loc":{"start":{"line":104,"column":4},"end":{"line":120,"column":4}}},"7":{"name":"removeLiquidityETH","line":128,"loc":{"start":{"line":121,"column":4},"end":{"line":141,"column":4}}},"8":{"name":"removeLiquidityWithPermit","line":142,"loc":{"start":{"line":142,"column":4},"end":{"line":156,"column":4}}},"9":{"name":"removeLiquidityETHWithPermit","line":157,"loc":{"start":{"line":157,"column":4},"end":{"line":170,"column":4}}},"10":{"name":"removeLiquidityETHSupportingFeeOnTransferTokens","line":180,"loc":{"start":{"line":173,"column":4},"end":{"line":193,"column":4}}},"11":{"name":"removeLiquidityETHWithPermitSupportingFeeOnTransferTokens","line":194,"loc":{"start":{"line":194,"column":4},"end":{"line":209,"column":4}}},"12":{"name":"_swap","line":213,"loc":{"start":{"line":213,"column":4},"end":{"line":224,"column":4}}},"13":{"name":"swapExactTokensForTokens","line":231,"loc":{"start":{"line":225,"column":4},"end":{"line":238,"column":4}}},"14":{"name":"swapTokensForExactTokens","line":245,"loc":{"start":{"line":239,"column":4},"end":{"line":252,"column":4}}},"15":{"name":"swapExactETHForTokens","line":258,"loc":{"start":{"line":253,"column":4},"end":{"line":267,"column":4}}},"16":{"name":"swapTokensForExactETH","line":272,"loc":{"start":{"line":268,"column":4},"end":{"line":284,"column":4}}},"17":{"name":"swapExactTokensForETH","line":289,"loc":{"start":{"line":285,"column":4},"end":{"line":301,"column":4}}},"18":{"name":"swapETHForExactTokens","line":307,"loc":{"start":{"line":302,"column":4},"end":{"line":318,"column":4}}},"19":{"name":"_swapSupportingFeeOnTransferTokens","line":322,"loc":{"start":{"line":322,"column":4},"end":{"line":339,"column":4}}},"20":{"name":"swapExactTokensForTokensSupportingFeeOnTransferTokens","line":346,"loc":{"start":{"line":340,"column":4},"end":{"line":356,"column":4}}},"21":{"name":"swapExactETHForTokensSupportingFeeOnTransferTokens","line":367,"loc":{"start":{"line":357,"column":4},"end":{"line":379,"column":4}}},"22":{"name":"swapExactTokensForETHSupportingFeeOnTransferTokens","line":390,"loc":{"start":{"line":380,"column":4},"end":{"line":401,"column":4}}},"23":{"name":"quote","line":404,"loc":{"start":{"line":404,"column":4},"end":{"line":406,"column":4}}},"24":{"name":"getAmountOut","line":408,"loc":{"start":{"line":408,"column":4},"end":{"line":416,"column":4}}},"25":{"name":"getAmountIn","line":418,"loc":{"start":{"line":418,"column":4},"end":{"line":426,"column":4}}},"26":{"name":"getAmountsOut","line":428,"loc":{"start":{"line":428,"column":4},"end":{"line":436,"column":4}}},"27":{"name":"getAmountsIn","line":438,"loc":{"start":{"line":438,"column":4},"end":{"line":446,"column":4}}}},"statementMap":{"1":{"start":{"line":20,"column":8},"end":{"line":20,"column":71}},"2":{"start":{"line":25,"column":8},"end":{"line":25,"column":25}},"3":{"start":{"line":26,"column":8},"end":{"line":26,"column":19}},"4":{"start":{"line":43,"column":8},"end":{"line":43,"column":1240}},"5":{"start":{"line":44,"column":12},"end":{"line":44,"column":64}},"6":{"start":{"line":46,"column":8},"end":{"line":46,"column":94}},"7":{"start":{"line":47,"column":8},"end":{"line":47,"column":1493}},"8":{"start":{"line":48,"column":12},"end":{"line":48,"column":64}},"9":{"start":{"line":50,"column":12},"end":{"line":50,"column":92}},"10":{"start":{"line":51,"column":12},"end":{"line":51,"column":1725}},"11":{"start":{"line":52,"column":16},"end":{"line":52,"column":94}},"12":{"start":{"line":53,"column":16},"end":{"line":53,"column":68}},"13":{"start":{"line":55,"column":16},"end":{"line":55,"column":96}},"14":{"start":{"line":56,"column":16},"end":{"line":56,"column":55}},"15":{"start":{"line":57,"column":16},"end":{"line":57,"column":94}},"16":{"start":{"line":58,"column":16},"end":{"line":58,"column":68}},"17":{"start":{"line":72,"column":8},"end":{"line":72,"column":113}},"18":{"start":{"line":73,"column":8},"end":{"line":73,"column":72}},"19":{"start":{"line":74,"column":8},"end":{"line":74,"column":73}},"20":{"start":{"line":75,"column":8},"end":{"line":75,"column":73}},"21":{"start":{"line":76,"column":8},"end":{"line":76,"column":48}},"22":{"start":{"line":86,"column":8},"end":{"line":86,"column":3342}},"23":{"start":{"line":94,"column":8},"end":{"line":94,"column":69}},"24":{"start":{"line":95,"column":8},"end":{"line":95,"column":76}},"25":{"start":{"line":96,"column":8},"end":{"line":96,"column":46}},"26":{"start":{"line":97,"column":8},"end":{"line":97,"column":52}},"27":{"start":{"line":98,"column":8},"end":{"line":98,"column":48}},"28":{"start":{"line":100,"column":8},"end":{"line":100,"column":100}},"29":{"start":{"line":100,"column":35},"end":{"line":100,"column":99}},"30":{"start":{"line":113,"column":8},"end":{"line":113,"column":72}},"31":{"start":{"line":114,"column":8},"end":{"line":114,"column":69}},"32":{"start":{"line":115,"column":8},"end":{"line":115,"column":68}},"33":{"start":{"line":116,"column":8},"end":{"line":116,"column":71}},"34":{"start":{"line":117,"column":8},"end":{"line":117,"column":86}},"35":{"start":{"line":118,"column":8},"end":{"line":118,"column":79}},"36":{"start":{"line":119,"column":8},"end":{"line":119,"column":79}},"37":{"start":{"line":129,"column":8},"end":{"line":129,"column":5155}},"38":{"start":{"line":138,"column":8},"end":{"line":138,"column":58}},"39":{"start":{"line":139,"column":8},"end":{"line":139,"column":38}},"40":{"start":{"line":140,"column":8},"end":{"line":140,"column":52}},"41":{"start":{"line":152,"column":8},"end":{"line":152,"column":72}},"42":{"start":{"line":153,"column":8},"end":{"line":153,"column":54}},"43":{"start":{"line":154,"column":8},"end":{"line":154,"column":87}},"44":{"start":{"line":155,"column":8},"end":{"line":155,"column":108}},"45":{"start":{"line":166,"column":8},"end":{"line":166,"column":69}},"46":{"start":{"line":167,"column":8},"end":{"line":167,"column":54}},"47":{"start":{"line":168,"column":8},"end":{"line":168,"column":87}},"48":{"start":{"line":169,"column":8},"end":{"line":169,"column":114}},"49":{"start":{"line":181,"column":8},"end":{"line":181,"column":7224}},"50":{"start":{"line":190,"column":8},"end":{"line":190,"column":92}},"51":{"start":{"line":191,"column":8},"end":{"line":191,"column":38}},"52":{"start":{"line":192,"column":8},"end":{"line":192,"column":52}},"53":{"start":{"line":203,"column":8},"end":{"line":203,"column":69}},"54":{"start":{"line":204,"column":8},"end":{"line":204,"column":54}},"55":{"start":{"line":205,"column":8},"end":{"line":205,"column":87}},"56":{"start":{"line":206,"column":8},"end":{"line":206,"column":8184}},"57":{"start":{"line":214,"column":8},"end":{"line":214,"column":8542}},"58":{"start":{"line":215,"column":12},"end":{"line":215,"column":68}},"59":{"start":{"line":216,"column":12},"end":{"line":216,"column":74}},"60":{"start":{"line":217,"column":12},"end":{"line":217,"column":43}},"61":{"start":{"line":218,"column":12},"end":{"line":218,"column":110}},"62":{"start":{"line":219,"column":12},"end":{"line":219,"column":107}},"63":{"start":{"line":220,"column":12},"end":{"line":220,"column":9011}},"64":{"start":{"line":232,"column":8},"end":{"line":232,"column":72}},"65":{"start":{"line":233,"column":8},"end":{"line":233,"column":106}},"66":{"start":{"line":234,"column":8},"end":{"line":234,"column":9605}},"67":{"start":{"line":237,"column":8},"end":{"line":237,"column":31}},"68":{"start":{"line":246,"column":8},"end":{"line":246,"column":72}},"69":{"start":{"line":247,"column":8},"end":{"line":247,"column":84}},"70":{"start":{"line":248,"column":8},"end":{"line":248,"column":10203}},"71":{"start":{"line":251,"column":8},"end":{"line":251,"column":31}},"72":{"start":{"line":261,"column":8},"end":{"line":261,"column":64}},"73":{"start":{"line":262,"column":8},"end":{"line":262,"column":73}},"74":{"start":{"line":263,"column":8},"end":{"line":263,"column":106}},"75":{"start":{"line":264,"column":8},"end":{"line":264,"column":47}},"76":{"start":{"line":265,"column":8},"end":{"line":265,"column":100}},"77":{"start":{"line":266,"column":8},"end":{"line":266,"column":31}},"78":{"start":{"line":275,"column":8},"end":{"line":275,"column":78}},"79":{"start":{"line":276,"column":8},"end":{"line":276,"column":72}},"80":{"start":{"line":277,"column":8},"end":{"line":277,"column":84}},"81":{"start":{"line":278,"column":8},"end":{"line":278,"column":11565}},"82":{"start":{"line":281,"column":8},"end":{"line":281,"column":42}},"83":{"start":{"line":282,"column":8},"end":{"line":282,"column":56}},"84":{"start":{"line":283,"column":8},"end":{"line":283,"column":70}},"85":{"start":{"line":292,"column":8},"end":{"line":292,"column":78}},"86":{"start":{"line":293,"column":8},"end":{"line":293,"column":72}},"87":{"start":{"line":294,"column":8},"end":{"line":294,"column":106}},"88":{"start":{"line":295,"column":8},"end":{"line":295,"column":12404}},"89":{"start":{"line":298,"column":8},"end":{"line":298,"column":42}},"90":{"start":{"line":299,"column":8},"end":{"line":299,"column":56}},"91":{"start":{"line":300,"column":8},"end":{"line":300,"column":70}},"92":{"start":{"line":310,"column":8},"end":{"line":310,"column":64}},"93":{"start":{"line":311,"column":8},"end":{"line":311,"column":72}},"94":{"start":{"line":312,"column":8},"end":{"line":312,"column":82}},"95":{"start":{"line":313,"column":8},"end":{"line":313,"column":47}},"96":{"start":{"line":314,"column":8},"end":{"line":314,"column":100}},"97":{"start":{"line":315,"column":8},"end":{"line":315,"column":31}},"98":{"start":{"line":317,"column":8},"end":{"line":317,"column":102}},"99":{"start":{"line":317,"column":36},"end":{"line":317,"column":101}},"100":{"start":{"line":323,"column":8},"end":{"line":323,"column":13776}},"101":{"start":{"line":324,"column":12},"end":{"line":324,"column":68}},"102":{"start":{"line":325,"column":12},"end":{"line":325,"column":74}},"103":{"start":{"line":326,"column":12},"end":{"line":326,"column":98}},"104":{"start":{"line":327,"column":12},"end":{"line":327,"column":28}},"105":{"start":{"line":328,"column":12},"end":{"line":328,"column":29}},"106":{"start":{"line":330,"column":12},"end":{"line":330,"column":64}},"107":{"start":{"line":331,"column":12},"end":{"line":331,"column":115}},"108":{"start":{"line":332,"column":12},"end":{"line":332,"column":88}},"109":{"start":{"line":333,"column":12},"end":{"line":333,"column":97}},"110":{"start":{"line":335,"column":12},"end":{"line":335,"column":116}},"111":{"start":{"line":336,"column":12},"end":{"line":336,"column":107}},"112":{"start":{"line":337,"column":12},"end":{"line":337,"column":62}},"113":{"start":{"line":347,"column":8},"end":{"line":347,"column":15126}},"114":{"start":{"line":350,"column":8},"end":{"line":350,"column":79}},"115":{"start":{"line":351,"column":8},"end":{"line":351,"column":51}},"116":{"start":{"line":352,"column":8},"end":{"line":352,"column":15408}},"117":{"start":{"line":369,"column":8},"end":{"line":369,"column":64}},"118":{"start":{"line":370,"column":8},"end":{"line":370,"column":33}},"119":{"start":{"line":371,"column":8},"end":{"line":371,"column":45}},"120":{"start":{"line":372,"column":8},"end":{"line":372,"column":98}},"121":{"start":{"line":373,"column":8},"end":{"line":373,"column":79}},"122":{"start":{"line":374,"column":8},"end":{"line":374,"column":51}},"123":{"start":{"line":375,"column":8},"end":{"line":375,"column":16255}},"124":{"start":{"line":392,"column":8},"end":{"line":392,"column":78}},"125":{"start":{"line":393,"column":8},"end":{"line":393,"column":16804}},"126":{"start":{"line":396,"column":8},"end":{"line":396,"column":62}},"127":{"start":{"line":397,"column":8},"end":{"line":397,"column":69}},"128":{"start":{"line":398,"column":8},"end":{"line":398,"column":88}},"129":{"start":{"line":399,"column":8},"end":{"line":399,"column":38}},"130":{"start":{"line":400,"column":8},"end":{"line":400,"column":52}},"131":{"start":{"line":405,"column":8},"end":{"line":405,"column":66}},"132":{"start":{"line":415,"column":8},"end":{"line":415,"column":77}},"133":{"start":{"line":425,"column":8},"end":{"line":425,"column":77}},"134":{"start":{"line":435,"column":8},"end":{"line":435,"column":70}},"135":{"start":{"line":445,"column":8},"end":{"line":445,"column":70}}},"branchMap":{"1":{"line":20,"type":"if","locations":[{"start":{"line":20,"column":8},"end":{"line":20,"column":8}},{"start":{"line":20,"column":8},"end":{"line":20,"column":8}}]},"2":{"line":43,"type":"if","locations":[{"start":{"line":43,"column":8},"end":{"line":43,"column":8}},{"start":{"line":43,"column":8},"end":{"line":43,"column":8}}]},"3":{"line":47,"type":"if","locations":[{"start":{"line":47,"column":8},"end":{"line":47,"column":8}},{"start":{"line":47,"column":8},"end":{"line":47,"column":8}}]},"4":{"line":51,"type":"if","locations":[{"start":{"line":51,"column":12},"end":{"line":51,"column":12}},{"start":{"line":51,"column":12},"end":{"line":51,"column":12}}]},"5":{"line":52,"type":"if","locations":[{"start":{"line":52,"column":16},"end":{"line":52,"column":16}},{"start":{"line":52,"column":16},"end":{"line":52,"column":16}}]},"6":{"line":57,"type":"if","locations":[{"start":{"line":57,"column":16},"end":{"line":57,"column":16}},{"start":{"line":57,"column":16},"end":{"line":57,"column":16}}]},"7":{"line":100,"type":"if","locations":[{"start":{"line":100,"column":8},"end":{"line":100,"column":8}},{"start":{"line":100,"column":8},"end":{"line":100,"column":8}}]},"8":{"line":118,"type":"if","locations":[{"start":{"line":118,"column":8},"end":{"line":118,"column":8}},{"start":{"line":118,"column":8},"end":{"line":118,"column":8}}]},"9":{"line":119,"type":"if","locations":[{"start":{"line":119,"column":8},"end":{"line":119,"column":8}},{"start":{"line":119,"column":8},"end":{"line":119,"column":8}}]},"10":{"line":233,"type":"if","locations":[{"start":{"line":233,"column":8},"end":{"line":233,"column":8}},{"start":{"line":233,"column":8},"end":{"line":233,"column":8}}]},"11":{"line":247,"type":"if","locations":[{"start":{"line":247,"column":8},"end":{"line":247,"column":8}},{"start":{"line":247,"column":8},"end":{"line":247,"column":8}}]},"12":{"line":261,"type":"if","locations":[{"start":{"line":261,"column":8},"end":{"line":261,"column":8}},{"start":{"line":261,"column":8},"end":{"line":261,"column":8}}]},"13":{"line":263,"type":"if","locations":[{"start":{"line":263,"column":8},"end":{"line":263,"column":8}},{"start":{"line":263,"column":8},"end":{"line":263,"column":8}}]},"14":{"line":275,"type":"if","locations":[{"start":{"line":275,"column":8},"end":{"line":275,"column":8}},{"start":{"line":275,"column":8},"end":{"line":275,"column":8}}]},"15":{"line":277,"type":"if","locations":[{"start":{"line":277,"column":8},"end":{"line":277,"column":8}},{"start":{"line":277,"column":8},"end":{"line":277,"column":8}}]},"16":{"line":292,"type":"if","locations":[{"start":{"line":292,"column":8},"end":{"line":292,"column":8}},{"start":{"line":292,"column":8},"end":{"line":292,"column":8}}]},"17":{"line":294,"type":"if","locations":[{"start":{"line":294,"column":8},"end":{"line":294,"column":8}},{"start":{"line":294,"column":8},"end":{"line":294,"column":8}}]},"18":{"line":310,"type":"if","locations":[{"start":{"line":310,"column":8},"end":{"line":310,"column":8}},{"start":{"line":310,"column":8},"end":{"line":310,"column":8}}]},"19":{"line":312,"type":"if","locations":[{"start":{"line":312,"column":8},"end":{"line":312,"column":8}},{"start":{"line":312,"column":8},"end":{"line":312,"column":8}}]},"20":{"line":317,"type":"if","locations":[{"start":{"line":317,"column":8},"end":{"line":317,"column":8}},{"start":{"line":317,"column":8},"end":{"line":317,"column":8}}]},"21":{"line":352,"type":"if","locations":[{"start":{"line":352,"column":8},"end":{"line":352,"column":8}},{"start":{"line":352,"column":8},"end":{"line":352,"column":8}}]},"22":{"line":369,"type":"if","locations":[{"start":{"line":369,"column":8},"end":{"line":369,"column":8}},{"start":{"line":369,"column":8},"end":{"line":369,"column":8}}]},"23":{"line":375,"type":"if","locations":[{"start":{"line":375,"column":8},"end":{"line":375,"column":8}},{"start":{"line":375,"column":8},"end":{"line":375,"column":8}}]},"24":{"line":392,"type":"if","locations":[{"start":{"line":392,"column":8},"end":{"line":392,"column":8}},{"start":{"line":392,"column":8},"end":{"line":392,"column":8}}]},"25":{"line":398,"type":"if","locations":[{"start":{"line":398,"column":8},"end":{"line":398,"column":8}},{"start":{"line":398,"column":8},"end":{"line":398,"column":8}}]}}}}